2026-07-06 20:02:39,238:INFO: BatteryPack erfolgreich initialisiert.
2026-07-06 20:02:39,238:INFO: BatterySimulator erfolgreich initialisiert.
2026-07-06 20:02:43,116:INFO: BatteryPack erfolgreich initialisiert.
2026-07-06 20:02:43,116:INFO: BatterySimulator erfolgreich initialisiert.
2026-07-06 20:02:43,116:INFO: Starte Simulation des Ladezustands
2026-07-06 20:02:43,117:INFO: Simulation beendet. 4 Werte verarbeitet.
2026-07-06 20:02:43,119:INFO: BatteryPack erfolgreich initialisiert.
2026-07-06 20:02:43,120:INFO: BatterySimulator erfolgreich initialisiert.
2026-07-06 20:02:43,120:INFO: Starte Simulation des Ladezustands
2026-07-06 20:02:43,125:WARNING: Batterie ist vollst鋘dig entladen!
2026-07-06 20:02:43,125:WARNING: Batterie ist vollst鋘dig entladen!
2026-07-06 20:02:43,125:WARNING: Batterie ist vollst鋘dig entladen!
2026-07-06 20:02:43,125:INFO: Simulation beendet. 3 Werte verarbeitet.
2026-07-06 20:02:43,128:INFO: BatteryPack erfolgreich initialisiert.
2026-07-06 20:02:43,128:INFO: BatterySimulator erfolgreich initialisiert.
2026-07-06 20:02:43,128:INFO: Starte Simulation des Ladezustands
2026-07-06 20:02:43,129:INFO: Batterie ist vollst鋘dig geladen.
2026-07-06 20:02:43,129:INFO: Batterie ist vollst鋘dig geladen.
2026-07-06 20:02:43,129:INFO: Simulation beendet. 2 Werte verarbeitet.
2026-07-06 20:02:43,133:INFO: BatteryPack erfolgreich initialisiert.
2026-07-06 20:02:43,133:INFO: BatterySimulator erfolgreich initialisiert.
2026-07-06 20:02:43,133:INFO: Starte Simulation des Ladezustands
2026-07-06 20:02:43,133:WARNING: [Zeile 1] Negativer Zeitschritt dt=-5.0 erkannt. 躡erspringe Schritt.
2026-07-06 20:02:43,134:ERROR: [Zeile 3] Ung黮tiger Datentyp in den Daten: '<' not supported between instances of 'str' and 'int'. Zeile 黚ersprungen.
2026-07-06 20:02:43,134:INFO: Simulation beendet. 4 Werte verarbeitet.
2026-07-06 21:06:50,431:INFO: BatteryPack erfolgreich initialisiert.
2026-07-06 21:06:50,431:INFO: BatteryPack erfolgreich initialisiert.
2026-07-06 21:06:50,431:INFO: BatterySimulator erfolgreich initialisiert.
2026-07-06 21:06:50,431:INFO: BatterySimulator erfolgreich initialisiert.
2026-07-06 21:06:50,431:INFO: Starte Simulation des Ladezustands
2026-07-06 21:06:50,457:INFO: Simulation beendet. 2130 Werte verarbeitet.
2026-07-06 21:17:05,942:INFO: BatteryPack erfolgreich initialisiert.
2026-07-06 21:17:05,942:INFO: BatteryPack erfolgreich initialisiert.
2026-07-06 21:17:05,942:INFO: BatterySimulator erfolgreich initialisiert.
2026-07-06 21:17:05,942:INFO: BatterySimulator erfolgreich initialisiert.
2026-07-06 21:17:05,942:INFO: Starte Simulation des Ladezustands
2026-07-06 21:17:05,970:INFO: Simulation beendet. 2130 Werte verarbeitet.
2026-07-06 21:17:41,479:INFO: BatteryPack erfolgreich initialisiert.
2026-07-06 21:17:41,479:INFO: BatteryPack erfolgreich initialisiert.
2026-07-06 21:17:41,479:INFO: BatterySimulator erfolgreich initialisiert.
2026-07-06 21:17:41,479:INFO: BatterySimulator erfolgreich initialisiert.
2026-07-06 21:17:41,479:INFO: Starte Simulation des Ladezustands
2026-07-06 21:17:41,506:INFO: Simulation beendet. 2130 Werte verarbeitet.
2026-07-06 21:22:49,472:INFO: BatteryPack erfolgreich initialisiert.
2026-07-06 21:22:49,473:INFO: BatteryPack erfolgreich initialisiert.
2026-07-06 21:22:49,473:INFO: BatterySimulator erfolgreich initialisiert.
2026-07-06 21:22:49,473:INFO: BatterySimulator erfolgreich initialisiert.
2026-07-06 21:22:49,473:INFO: Starte Simulation des Ladezustands
2026-07-06 21:22:49,499:INFO: Simulation beendet. 2130 Werte verarbeitet.
2026-07-06 21:23:35,628:INFO: BatteryPack erfolgreich initialisiert.
2026-07-06 21:23:35,628:INFO: BatteryPack erfolgreich initialisiert.
2026-07-06 21:23:35,628:INFO: BatterySimulator erfolgreich initialisiert.
2026-07-06 21:23:35,629:INFO: BatterySimulator erfolgreich initialisiert.
2026-07-06 21:23:35,629:INFO: Starte Simulation des Ladezustands
2026-07-06 21:23:35,655:INFO: Simulation beendet. 2130 Werte verarbeitet.
2026-07-06 21:24:51,580:INFO: BatteryPack erfolgreich initialisiert.
2026-07-06 21:24:51,580:INFO: BatterySimulator erfolgreich initialisiert.
2026-07-06 21:25:07,053:INFO: BatteryPack erfolgreich initialisiert.
2026-07-06 21:25:07,053:INFO: BatteryPack erfolgreich initialisiert.
2026-07-06 21:25:07,053:INFO: BatterySimulator erfolgreich initialisiert.
2026-07-06 21:25:07,053:INFO: BatterySimulator erfolgreich initialisiert.
2026-07-06 21:25:07,053:INFO: Starte Simulation des Ladezustands
2026-07-06 21:25:07,082:INFO: Simulation beendet. 2130 Werte verarbeitet.
2026-07-06 21:29:45,178:INFO: BatteryPack erfolgreich initialisiert.
2026-07-06 21:29:45,178:INFO: BatteryPack erfolgreich initialisiert.
2026-07-06 21:29:45,178:INFO: BatterySimulator erfolgreich initialisiert.
2026-07-06 21:29:45,178:INFO: BatterySimulator erfolgreich initialisiert.
2026-07-06 21:29:45,178:INFO: Starte Simulation des Ladezustands
2026-07-06 21:29:45,207:INFO: Simulation beendet. 2130 Werte verarbeitet.
2026-07-07 17:53:13,356:INFO: BatteryPack erfolgreich initialisiert.
2026-07-07 17:53:13,356:INFO: BatteryPack erfolgreich initialisiert.
2026-07-07 17:53:13,356:INFO: BatterySimulator erfolgreich initialisiert.
2026-07-07 17:53:13,356:INFO: BatterySimulator erfolgreich initialisiert.
2026-07-07 17:53:13,356:INFO: Starte Simulation des Ladezustands
2026-07-07 17:53:13,391:INFO: Simulation beendet. 2130 Werte verarbeitet.
2026-07-07 17:53:30,439:INFO: BatteryPack erfolgreich initialisiert.
2026-07-07 17:53:30,439:INFO: BatteryPack erfolgreich initialisiert.
2026-07-07 17:53:30,439:INFO: BatterySimulator erfolgreich initialisiert.
2026-07-07 17:53:30,439:INFO: BatterySimulator erfolgreich initialisiert.
2026-07-07 17:53:30,439:INFO: Starte Simulation des Ladezustands
2026-07-07 17:53:30,464:INFO: Simulation beendet. 2130 Werte verarbeitet.
2026-07-07 18:01:52,318:INFO: BatteryPack erfolgreich initialisiert.
2026-07-07 18:01:52,318:INFO: BatteryPack erfolgreich initialisiert.
2026-07-07 18:01:52,318:INFO: BatterySimulator erfolgreich initialisiert.
2026-07-07 18:01:52,318:INFO: BatterySimulator erfolgreich initialisiert.
2026-07-07 18:01:52,318:INFO: Starte Simulation des Ladezustands
2026-07-07 18:01:52,344:INFO: Simulation beendet. 2130 Werte verarbeitet.
2026-07-07 18:03:31,032:INFO: BatteryPack erfolgreich initialisiert.
2026-07-07 18:03:31,032:INFO: BatteryPack erfolgreich initialisiert.
2026-07-07 18:03:31,032:INFO: BatterySimulator erfolgreich initialisiert.
2026-07-07 18:03:31,032:INFO: BatterySimulator erfolgreich initialisiert.
2026-07-07 18:03:31,032:INFO: Starte Simulation des Ladezustands
2026-07-07 18:03:31,062:INFO: Simulation beendet. 2130 Werte verarbeitet.
2026-07-07 18:38:43,452:INFO: BatteryPack erfolgreich initialisiert.
2026-07-07 18:38:43,452:INFO: BatteryPack erfolgreich initialisiert.
2026-07-07 18:38:43,452:INFO: BatterySimulator erfolgreich initialisiert.
2026-07-07 18:38:43,452:INFO: BatterySimulator erfolgreich initialisiert.
2026-07-07 18:38:43,452:INFO: Starte Simulation des Ladezustands
2026-07-07 18:38:43,482:INFO: Simulation beendet. 2130 Werte verarbeitet.
2026-07-07 18:38:45,401:INFO: Start der Karten-Generierung
2026-07-07 18:38:45,418:INFO: Karte wurde als 'strecke_karte_vergleich.html' gespeichert.
