2026-07-15 15:52:37,309:INFO: Simulation gestartet.
2026-07-15 15:52:37,309:INFO: Eingabedaten erfolgreich geprüft.
2026-07-15 15:52:37,309:INFO: Konstanten initialisiert.
2026-07-15 15:52:37,309:INFO: Starte Glättung der GPS Daten.
2026-07-15 15:52:37,311:INFO: GPS-Daten erfolgreich geglättet.
2026-07-15 15:52:37,311:INFO: GPS-Daten geglättet.
2026-07-15 15:52:37,311:INFO: Berechne Himmelsrichtung.
2026-07-15 15:52:37,314:INFO: Himmelsrichtung erfolgreich berechnet.
2026-07-15 15:52:37,315:INFO: Himmelsrichtung berechnet.
2026-07-15 15:52:37,319:INFO: Zeitdaten berechnet.
2026-07-15 15:52:37,319:INFO: Starte Haversine-Berechnung.
2026-07-15 15:52:37,320:INFO: Haversine-Berechnung erfolgreich.
2026-07-15 15:52:37,321:INFO: Starte Haversine-Berechnung.
2026-07-15 15:52:37,322:INFO: Haversine-Berechnung erfolgreich.
2026-07-15 15:52:37,322:INFO: Strecke berechnet.
2026-07-15 15:52:37,324:INFO: Geschwindigkeit berechnet.
2026-07-15 15:52:37,325:INFO: Beschleunigung berechnet.
2026-07-15 15:52:37,326:INFO: Steigungswinkel berechnet.
2026-07-15 15:52:37,326:INFO: Luftdichte berechnet.
2026-07-15 15:52:37,327:INFO: Kräfte berechnet.
2026-07-15 15:52:37,327:INFO: Leistung berechnet.
2026-07-15 15:52:37,327:INFO: Drehmoment berechnet.
2026-07-15 15:52:37,328:INFO: Motorstrom berechnet.
2026-07-15 15:52:37,328:INFO: BatteryPack erfolgreich initialisiert.
2026-07-15 15:52:37,328:INFO: BatteryPack erfolgreich initialisiert.
2026-07-15 15:52:37,328:INFO: BatterySimulator erfolgreich initialisiert.
2026-07-15 15:52:37,328:INFO: BatterySimulator erfolgreich initialisiert.
2026-07-15 15:52:37,328:INFO: Starte Simulation des Ladezustands
2026-07-15 15:52:37,354:WARNING: Batterie ist vollständig entladen!
2026-07-15 15:52:37,356:INFO: Simulation beendet. 2284 Werte verarbeitet.
2026-07-15 15:52:37,356:INFO: Starte Simulation des Ladezustands
2026-07-15 15:52:37,380:WARNING: Batterie ist vollständig entladen!
2026-07-15 15:52:37,382:INFO: Simulation beendet. 2284 Werte verarbeitet.
2026-07-15 15:52:37,382:INFO: Starte Simulation des Ladezustands
2026-07-15 15:52:37,384:INFO: Batterie ist vollständig geladen.
2026-07-15 15:52:37,407:WARNING: Batterie ist vollständig entladen!
2026-07-15 15:52:37,409:INFO: Simulation beendet. 2284 Werte verarbeitet.
2026-07-15 15:52:37,994:INFO: Plot des Ladezustands wurde erfolgreich als 'SOC.png' gespeichert.
2026-07-15 15:52:38,100:INFO: Plot des Ladezustands wurde erfolgreich als 'SOC.png' gespeichert.
2026-07-15 15:52:38,100:INFO: Batteriesimulation abgeschlossen.
2026-07-15 15:52:38,100:INFO: Simulation erfolgreich beendet.
2026-07-15 15:52:38,100:INFO: Starte Berechnung der Kenngrößen.
2026-07-15 15:52:38,101:INFO: Kenngrößen erfolgreich berechnet.
2026-07-15 15:52:38,123:INFO: Karte wurde als 'strecke_karte_vergleich.html' gespeichert.
2026-07-15 15:52:38,249:INFO: Höhenprofil erfolgreich generiert und gespeichert.
2026-07-15 15:52:38,249:INFO: Starte Reverse Geocoding mit 2284 Zeilen. Schrittweite: 76
2026-07-15 15:52:40,275:WARNING: Zeile 0 wurde übersprungen, weil kein gültiger Wert (NaN) eingetragen ist.
2026-07-15 15:53:20,286:INFO: Reverse Geocoding erfolgreich beendet
2026-07-15 15:53:20,331:INFO: Starte Berechnung der Kenngrößen.
2026-07-15 15:53:20,332:INFO: Kenngrößen erfolgreich berechnet.
2026-07-15 15:53:22,653:INFO: Starte Parameterstudie für 'masse'.
2026-07-15 15:53:22,654:INFO: Simulation gestartet.
2026-07-15 15:53:22,654:INFO: Eingabedaten erfolgreich geprüft.
2026-07-15 15:53:22,654:INFO: Konstanten initialisiert.
2026-07-15 15:53:22,654:INFO: Starte Glättung der GPS Daten.
2026-07-15 15:53:22,656:INFO: GPS-Daten erfolgreich geglättet.
2026-07-15 15:53:22,656:INFO: GPS-Daten geglättet.
2026-07-15 15:53:22,656:INFO: Berechne Himmelsrichtung.
2026-07-15 15:53:22,659:INFO: Himmelsrichtung erfolgreich berechnet.
2026-07-15 15:53:22,659:INFO: Himmelsrichtung berechnet.
2026-07-15 15:53:22,661:INFO: Zeitdaten berechnet.
2026-07-15 15:53:22,662:INFO: Starte Haversine-Berechnung.
2026-07-15 15:53:22,662:INFO: Haversine-Berechnung erfolgreich.
2026-07-15 15:53:22,663:INFO: Starte Haversine-Berechnung.
2026-07-15 15:53:22,663:INFO: Haversine-Berechnung erfolgreich.
2026-07-15 15:53:22,663:INFO: Strecke berechnet.
2026-07-15 15:53:22,664:INFO: Geschwindigkeit berechnet.
2026-07-15 15:53:22,665:INFO: Beschleunigung berechnet.
2026-07-15 15:53:22,666:INFO: Steigungswinkel berechnet.
2026-07-15 15:53:22,666:INFO: Luftdichte berechnet.
2026-07-15 15:53:22,667:INFO: Kräfte berechnet.
2026-07-15 15:53:22,667:INFO: Leistung berechnet.
2026-07-15 15:53:22,667:INFO: Drehmoment berechnet.
2026-07-15 15:53:22,667:INFO: Motorstrom berechnet.
2026-07-15 15:53:22,667:INFO: BatteryPack erfolgreich initialisiert.
2026-07-15 15:53:22,668:INFO: BatteryPack erfolgreich initialisiert.
2026-07-15 15:53:22,668:INFO: BatterySimulator erfolgreich initialisiert.
2026-07-15 15:53:22,668:INFO: BatterySimulator erfolgreich initialisiert.
2026-07-15 15:53:22,668:INFO: Starte Simulation des Ladezustands
2026-07-15 15:53:22,700:INFO: Simulation beendet. 2284 Werte verarbeitet.
2026-07-15 15:53:22,701:INFO: Starte Simulation des Ladezustands
2026-07-15 15:53:22,730:INFO: Simulation beendet. 2284 Werte verarbeitet.
2026-07-15 15:53:22,730:INFO: Starte Simulation des Ladezustands
2026-07-15 15:53:22,731:INFO: Batterie ist vollständig geladen.
2026-07-15 15:53:22,758:INFO: Simulation beendet. 2284 Werte verarbeitet.
2026-07-15 15:53:22,837:INFO: Plot des Ladezustands wurde erfolgreich als 'SOC.png' gespeichert.
2026-07-15 15:53:22,917:INFO: Plot des Ladezustands wurde erfolgreich als 'SOC.png' gespeichert.
2026-07-15 15:53:22,917:INFO: Batteriesimulation abgeschlossen.
2026-07-15 15:53:22,917:INFO: Simulation erfolgreich beendet.
2026-07-15 15:53:22,917:INFO: Starte Berechnung der Kenngrößen.
2026-07-15 15:53:22,918:INFO: Kenngrößen erfolgreich berechnet.
2026-07-15 15:53:22,918:INFO: Simulation gestartet.
2026-07-15 15:53:22,918:INFO: Eingabedaten erfolgreich geprüft.
2026-07-15 15:53:22,918:INFO: Konstanten initialisiert.
2026-07-15 15:53:22,918:INFO: Starte Glättung der GPS Daten.
2026-07-15 15:53:22,919:INFO: GPS-Daten erfolgreich geglättet.
2026-07-15 15:53:22,919:INFO: GPS-Daten geglättet.
2026-07-15 15:53:22,919:INFO: Berechne Himmelsrichtung.
2026-07-15 15:53:22,921:INFO: Himmelsrichtung erfolgreich berechnet.
2026-07-15 15:53:22,921:INFO: Himmelsrichtung berechnet.
2026-07-15 15:53:22,922:INFO: Zeitdaten berechnet.
2026-07-15 15:53:22,922:INFO: Starte Haversine-Berechnung.
2026-07-15 15:53:22,923:INFO: Haversine-Berechnung erfolgreich.
2026-07-15 15:53:22,924:INFO: Starte Haversine-Berechnung.
2026-07-15 15:53:22,925:INFO: Haversine-Berechnung erfolgreich.
2026-07-15 15:53:22,925:INFO: Strecke berechnet.
2026-07-15 15:53:22,926:INFO: Geschwindigkeit berechnet.
2026-07-15 15:53:22,927:INFO: Beschleunigung berechnet.
2026-07-15 15:53:22,928:INFO: Steigungswinkel berechnet.
2026-07-15 15:53:22,928:INFO: Luftdichte berechnet.
2026-07-15 15:53:22,929:INFO: Kräfte berechnet.
2026-07-15 15:53:22,929:INFO: Leistung berechnet.
2026-07-15 15:53:22,929:INFO: Drehmoment berechnet.
2026-07-15 15:53:22,930:INFO: Motorstrom berechnet.
2026-07-15 15:53:22,930:INFO: BatteryPack erfolgreich initialisiert.
2026-07-15 15:53:22,930:INFO: BatteryPack erfolgreich initialisiert.
2026-07-15 15:53:22,930:INFO: BatterySimulator erfolgreich initialisiert.
2026-07-15 15:53:22,930:INFO: BatterySimulator erfolgreich initialisiert.
2026-07-15 15:53:22,930:INFO: Starte Simulation des Ladezustands
2026-07-15 15:53:22,959:INFO: Simulation beendet. 2284 Werte verarbeitet.
2026-07-15 15:53:22,959:INFO: Starte Simulation des Ladezustands
2026-07-15 15:53:22,985:INFO: Simulation beendet. 2284 Werte verarbeitet.
2026-07-15 15:53:22,985:INFO: Starte Simulation des Ladezustands
2026-07-15 15:53:22,987:INFO: Batterie ist vollständig geladen.
2026-07-15 15:53:23,011:INFO: Simulation beendet. 2284 Werte verarbeitet.
2026-07-15 15:53:23,088:INFO: Plot des Ladezustands wurde erfolgreich als 'SOC.png' gespeichert.
2026-07-15 15:53:23,167:INFO: Plot des Ladezustands wurde erfolgreich als 'SOC.png' gespeichert.
2026-07-15 15:53:23,167:INFO: Batteriesimulation abgeschlossen.
2026-07-15 15:53:23,167:INFO: Simulation erfolgreich beendet.
2026-07-15 15:53:23,167:INFO: Starte Berechnung der Kenngrößen.
2026-07-15 15:53:23,168:INFO: Kenngrößen erfolgreich berechnet.
2026-07-15 15:53:23,169:INFO: Simulation gestartet.
2026-07-15 15:53:23,169:INFO: Eingabedaten erfolgreich geprüft.
2026-07-15 15:53:23,169:INFO: Konstanten initialisiert.
2026-07-15 15:53:23,169:INFO: Starte Glättung der GPS Daten.
2026-07-15 15:53:23,170:INFO: GPS-Daten erfolgreich geglättet.
2026-07-15 15:53:23,170:INFO: GPS-Daten geglättet.
2026-07-15 15:53:23,170:INFO: Berechne Himmelsrichtung.
2026-07-15 15:53:23,171:INFO: Himmelsrichtung erfolgreich berechnet.
2026-07-15 15:53:23,172:INFO: Himmelsrichtung berechnet.
2026-07-15 15:53:23,173:INFO: Zeitdaten berechnet.
2026-07-15 15:53:23,173:INFO: Starte Haversine-Berechnung.
2026-07-15 15:53:23,174:INFO: Haversine-Berechnung erfolgreich.
2026-07-15 15:53:23,174:INFO: Starte Haversine-Berechnung.
2026-07-15 15:53:23,175:INFO: Haversine-Berechnung erfolgreich.
2026-07-15 15:53:23,175:INFO: Strecke berechnet.
2026-07-15 15:53:23,176:INFO: Geschwindigkeit berechnet.
2026-07-15 15:53:23,176:INFO: Beschleunigung berechnet.
2026-07-15 15:53:23,177:INFO: Steigungswinkel berechnet.
2026-07-15 15:53:23,178:INFO: Luftdichte berechnet.
2026-07-15 15:53:23,178:INFO: Kräfte berechnet.
2026-07-15 15:53:23,179:INFO: Leistung berechnet.
2026-07-15 15:53:23,179:INFO: Drehmoment berechnet.
2026-07-15 15:53:23,179:INFO: Motorstrom berechnet.
2026-07-15 15:53:23,179:INFO: BatteryPack erfolgreich initialisiert.
2026-07-15 15:53:23,179:INFO: BatteryPack erfolgreich initialisiert.
2026-07-15 15:53:23,179:INFO: BatterySimulator erfolgreich initialisiert.
2026-07-15 15:53:23,179:INFO: BatterySimulator erfolgreich initialisiert.
2026-07-15 15:53:23,179:INFO: Starte Simulation des Ladezustands
2026-07-15 15:53:23,207:WARNING: Batterie ist vollständig entladen!
2026-07-15 15:53:23,208:INFO: Simulation beendet. 2284 Werte verarbeitet.
2026-07-15 15:53:23,208:INFO: Starte Simulation des Ladezustands
2026-07-15 15:53:23,234:WARNING: Batterie ist vollständig entladen!
2026-07-15 15:53:23,235:INFO: Simulation beendet. 2284 Werte verarbeitet.
2026-07-15 15:53:23,235:INFO: Starte Simulation des Ladezustands
2026-07-15 15:53:23,236:INFO: Batterie ist vollständig geladen.
2026-07-15 15:53:23,261:WARNING: Batterie ist vollständig entladen!
2026-07-15 15:53:23,262:INFO: Simulation beendet. 2284 Werte verarbeitet.
2026-07-15 15:53:23,336:INFO: Plot des Ladezustands wurde erfolgreich als 'SOC.png' gespeichert.
2026-07-15 15:53:23,415:INFO: Plot des Ladezustands wurde erfolgreich als 'SOC.png' gespeichert.
2026-07-15 15:53:23,415:INFO: Batteriesimulation abgeschlossen.
2026-07-15 15:53:23,416:INFO: Simulation erfolgreich beendet.
2026-07-15 15:53:23,416:INFO: Starte Berechnung der Kenngrößen.
2026-07-15 15:53:23,417:INFO: Kenngrößen erfolgreich berechnet.
2026-07-15 15:53:23,417:INFO: Simulation gestartet.
2026-07-15 15:53:23,417:INFO: Eingabedaten erfolgreich geprüft.
2026-07-15 15:53:23,417:INFO: Konstanten initialisiert.
2026-07-15 15:53:23,417:INFO: Starte Glättung der GPS Daten.
2026-07-15 15:53:23,418:INFO: GPS-Daten erfolgreich geglättet.
2026-07-15 15:53:23,418:INFO: GPS-Daten geglättet.
2026-07-15 15:53:23,418:INFO: Berechne Himmelsrichtung.
2026-07-15 15:53:23,419:INFO: Himmelsrichtung erfolgreich berechnet.
2026-07-15 15:53:23,419:INFO: Himmelsrichtung berechnet.
2026-07-15 15:53:23,474:INFO: Zeitdaten berechnet.
2026-07-15 15:53:23,474:INFO: Starte Haversine-Berechnung.
2026-07-15 15:53:23,475:INFO: Haversine-Berechnung erfolgreich.
2026-07-15 15:53:23,475:INFO: Starte Haversine-Berechnung.
2026-07-15 15:53:23,476:INFO: Haversine-Berechnung erfolgreich.
2026-07-15 15:53:23,476:INFO: Strecke berechnet.
2026-07-15 15:53:23,477:INFO: Geschwindigkeit berechnet.
2026-07-15 15:53:23,478:INFO: Beschleunigung berechnet.
2026-07-15 15:53:23,479:INFO: Steigungswinkel berechnet.
2026-07-15 15:53:23,479:INFO: Luftdichte berechnet.
2026-07-15 15:53:23,480:INFO: Kräfte berechnet.
2026-07-15 15:53:23,480:INFO: Leistung berechnet.
2026-07-15 15:53:23,480:INFO: Drehmoment berechnet.
2026-07-15 15:53:23,480:INFO: Motorstrom berechnet.
2026-07-15 15:53:23,480:INFO: BatteryPack erfolgreich initialisiert.
2026-07-15 15:53:23,480:INFO: BatteryPack erfolgreich initialisiert.
2026-07-15 15:53:23,480:INFO: BatterySimulator erfolgreich initialisiert.
2026-07-15 15:53:23,480:INFO: BatterySimulator erfolgreich initialisiert.
2026-07-15 15:53:23,480:INFO: Starte Simulation des Ladezustands
2026-07-15 15:53:23,507:WARNING: Batterie ist vollständig entladen!
2026-07-15 15:53:23,509:INFO: Simulation beendet. 2284 Werte verarbeitet.
2026-07-15 15:53:23,509:INFO: Starte Simulation des Ladezustands
2026-07-15 15:53:23,534:WARNING: Batterie ist vollständig entladen!
2026-07-15 15:53:23,536:INFO: Simulation beendet. 2284 Werte verarbeitet.
2026-07-15 15:53:23,536:INFO: Starte Simulation des Ladezustands
2026-07-15 15:53:23,537:INFO: Batterie ist vollständig geladen.
2026-07-15 15:53:23,561:WARNING: Batterie ist vollständig entladen!
2026-07-15 15:53:23,563:INFO: Simulation beendet. 2284 Werte verarbeitet.
2026-07-15 15:53:23,644:INFO: Plot des Ladezustands wurde erfolgreich als 'SOC.png' gespeichert.
2026-07-15 15:53:23,727:INFO: Plot des Ladezustands wurde erfolgreich als 'SOC.png' gespeichert.
2026-07-15 15:53:23,727:INFO: Batteriesimulation abgeschlossen.
2026-07-15 15:53:23,727:INFO: Simulation erfolgreich beendet.
2026-07-15 15:53:23,727:INFO: Starte Berechnung der Kenngrößen.
2026-07-15 15:53:23,728:INFO: Kenngrößen erfolgreich berechnet.
2026-07-15 15:53:23,729:INFO: Simulation gestartet.
2026-07-15 15:53:23,729:INFO: Eingabedaten erfolgreich geprüft.
2026-07-15 15:53:23,729:INFO: Konstanten initialisiert.
2026-07-15 15:53:23,729:INFO: Starte Glättung der GPS Daten.
2026-07-15 15:53:23,730:INFO: GPS-Daten erfolgreich geglättet.
2026-07-15 15:53:23,730:INFO: GPS-Daten geglättet.
2026-07-15 15:53:23,730:INFO: Berechne Himmelsrichtung.
2026-07-15 15:53:23,731:INFO: Himmelsrichtung erfolgreich berechnet.
2026-07-15 15:53:23,731:INFO: Himmelsrichtung berechnet.
2026-07-15 15:53:23,733:INFO: Zeitdaten berechnet.
2026-07-15 15:53:23,733:INFO: Starte Haversine-Berechnung.
2026-07-15 15:53:23,733:INFO: Haversine-Berechnung erfolgreich.
2026-07-15 15:53:23,734:INFO: Starte Haversine-Berechnung.
2026-07-15 15:53:23,735:INFO: Haversine-Berechnung erfolgreich.
2026-07-15 15:53:23,735:INFO: Strecke berechnet.
2026-07-15 15:53:23,735:INFO: Geschwindigkeit berechnet.
2026-07-15 15:53:23,736:INFO: Beschleunigung berechnet.
2026-07-15 15:53:23,737:INFO: Steigungswinkel berechnet.
2026-07-15 15:53:23,737:INFO: Luftdichte berechnet.
2026-07-15 15:53:23,738:INFO: Kräfte berechnet.
2026-07-15 15:53:23,738:INFO: Leistung berechnet.
2026-07-15 15:53:23,738:INFO: Drehmoment berechnet.
2026-07-15 15:53:23,739:INFO: Motorstrom berechnet.
2026-07-15 15:53:23,739:INFO: BatteryPack erfolgreich initialisiert.
2026-07-15 15:53:23,739:INFO: BatteryPack erfolgreich initialisiert.
2026-07-15 15:53:23,739:INFO: BatterySimulator erfolgreich initialisiert.
2026-07-15 15:53:23,739:INFO: BatterySimulator erfolgreich initialisiert.
2026-07-15 15:53:23,739:INFO: Starte Simulation des Ladezustands
2026-07-15 15:53:23,768:WARNING: Batterie ist vollständig entladen!
2026-07-15 15:53:23,770:INFO: Simulation beendet. 2284 Werte verarbeitet.
2026-07-15 15:53:23,770:INFO: Starte Simulation des Ladezustands
2026-07-15 15:53:23,795:WARNING: Batterie ist vollständig entladen!
2026-07-15 15:53:23,797:INFO: Simulation beendet. 2284 Werte verarbeitet.
2026-07-15 15:53:23,797:INFO: Starte Simulation des Ladezustands
2026-07-15 15:53:23,798:INFO: Batterie ist vollständig geladen.
2026-07-15 15:53:23,822:WARNING: Batterie ist vollständig entladen!
2026-07-15 15:53:23,824:INFO: Simulation beendet. 2284 Werte verarbeitet.
2026-07-15 15:53:23,902:INFO: Plot des Ladezustands wurde erfolgreich als 'SOC.png' gespeichert.
2026-07-15 15:53:23,984:INFO: Plot des Ladezustands wurde erfolgreich als 'SOC.png' gespeichert.
2026-07-15 15:53:23,984:INFO: Batteriesimulation abgeschlossen.
2026-07-15 15:53:23,984:INFO: Simulation erfolgreich beendet.
2026-07-15 15:53:23,985:INFO: Starte Berechnung der Kenngrößen.
2026-07-15 15:53:23,986:INFO: Kenngrößen erfolgreich berechnet.
2026-07-15 15:53:23,986:INFO: Simulation gestartet.
2026-07-15 15:53:23,986:INFO: Eingabedaten erfolgreich geprüft.
2026-07-15 15:53:23,986:INFO: Konstanten initialisiert.
2026-07-15 15:53:23,986:INFO: Starte Glättung der GPS Daten.
2026-07-15 15:53:23,987:INFO: GPS-Daten erfolgreich geglättet.
2026-07-15 15:53:23,987:INFO: GPS-Daten geglättet.
2026-07-15 15:53:23,987:INFO: Berechne Himmelsrichtung.
2026-07-15 15:53:23,989:INFO: Himmelsrichtung erfolgreich berechnet.
2026-07-15 15:53:23,989:INFO: Himmelsrichtung berechnet.
2026-07-15 15:53:23,990:INFO: Zeitdaten berechnet.
2026-07-15 15:53:23,991:INFO: Starte Haversine-Berechnung.
2026-07-15 15:53:23,991:INFO: Haversine-Berechnung erfolgreich.
2026-07-15 15:53:23,992:INFO: Starte Haversine-Berechnung.
2026-07-15 15:53:23,992:INFO: Haversine-Berechnung erfolgreich.
2026-07-15 15:53:23,992:INFO: Strecke berechnet.
2026-07-15 15:53:23,993:INFO: Geschwindigkeit berechnet.
2026-07-15 15:53:23,994:INFO: Beschleunigung berechnet.
2026-07-15 15:53:23,995:INFO: Steigungswinkel berechnet.
2026-07-15 15:53:23,995:INFO: Luftdichte berechnet.
2026-07-15 15:53:23,996:INFO: Kräfte berechnet.
2026-07-15 15:53:23,996:INFO: Leistung berechnet.
2026-07-15 15:53:23,996:INFO: Drehmoment berechnet.
2026-07-15 15:53:23,996:INFO: Motorstrom berechnet.
2026-07-15 15:53:23,996:INFO: BatteryPack erfolgreich initialisiert.
2026-07-15 15:53:23,996:INFO: BatteryPack erfolgreich initialisiert.
2026-07-15 15:53:23,996:INFO: BatterySimulator erfolgreich initialisiert.
2026-07-15 15:53:23,997:INFO: BatterySimulator erfolgreich initialisiert.
2026-07-15 15:53:23,997:INFO: Starte Simulation des Ladezustands
2026-07-15 15:53:24,023:WARNING: Batterie ist vollständig entladen!
2026-07-15 15:53:24,027:INFO: Simulation beendet. 2284 Werte verarbeitet.
2026-07-15 15:53:24,027:INFO: Starte Simulation des Ladezustands
2026-07-15 15:53:24,052:WARNING: Batterie ist vollständig entladen!
2026-07-15 15:53:24,055:INFO: Simulation beendet. 2284 Werte verarbeitet.
2026-07-15 15:53:24,055:INFO: Starte Simulation des Ladezustands
2026-07-15 15:53:24,056:INFO: Batterie ist vollständig geladen.
2026-07-15 15:53:24,079:WARNING: Batterie ist vollständig entladen!
2026-07-15 15:53:24,082:INFO: Simulation beendet. 2284 Werte verarbeitet.
2026-07-15 15:53:24,159:INFO: Plot des Ladezustands wurde erfolgreich als 'SOC.png' gespeichert.
2026-07-15 15:53:24,239:INFO: Plot des Ladezustands wurde erfolgreich als 'SOC.png' gespeichert.
2026-07-15 15:53:24,239:INFO: Batteriesimulation abgeschlossen.
2026-07-15 15:53:24,240:INFO: Simulation erfolgreich beendet.
2026-07-15 15:53:24,241:INFO: Starte Berechnung der Kenngrößen.
2026-07-15 15:53:24,242:INFO: Kenngrößen erfolgreich berechnet.
2026-07-15 15:53:24,242:INFO: Simulation gestartet.
2026-07-15 15:53:24,242:INFO: Eingabedaten erfolgreich geprüft.
2026-07-15 15:53:24,242:INFO: Konstanten initialisiert.
2026-07-15 15:53:24,242:INFO: Starte Glättung der GPS Daten.
2026-07-15 15:53:24,243:INFO: GPS-Daten erfolgreich geglättet.
2026-07-15 15:53:24,243:INFO: GPS-Daten geglättet.
2026-07-15 15:53:24,243:INFO: Berechne Himmelsrichtung.
2026-07-15 15:53:24,244:INFO: Himmelsrichtung erfolgreich berechnet.
2026-07-15 15:53:24,244:INFO: Himmelsrichtung berechnet.
2026-07-15 15:53:24,246:INFO: Zeitdaten berechnet.
2026-07-15 15:53:24,246:INFO: Starte Haversine-Berechnung.
2026-07-15 15:53:24,246:INFO: Haversine-Berechnung erfolgreich.
2026-07-15 15:53:24,247:INFO: Starte Haversine-Berechnung.
2026-07-15 15:53:24,247:INFO: Haversine-Berechnung erfolgreich.
2026-07-15 15:53:24,248:INFO: Strecke berechnet.
2026-07-15 15:53:24,248:INFO: Geschwindigkeit berechnet.
2026-07-15 15:53:24,249:INFO: Beschleunigung berechnet.
2026-07-15 15:53:24,250:INFO: Steigungswinkel berechnet.
2026-07-15 15:53:24,250:INFO: Luftdichte berechnet.
2026-07-15 15:53:24,251:INFO: Kräfte berechnet.
2026-07-15 15:53:24,251:INFO: Leistung berechnet.
2026-07-15 15:53:24,251:INFO: Drehmoment berechnet.
2026-07-15 15:53:24,251:INFO: Motorstrom berechnet.
2026-07-15 15:53:24,251:INFO: BatteryPack erfolgreich initialisiert.
2026-07-15 15:53:24,251:INFO: BatteryPack erfolgreich initialisiert.
2026-07-15 15:53:24,251:INFO: BatterySimulator erfolgreich initialisiert.
2026-07-15 15:53:24,251:INFO: BatterySimulator erfolgreich initialisiert.
2026-07-15 15:53:24,251:INFO: Starte Simulation des Ladezustands
2026-07-15 15:53:24,277:WARNING: Batterie ist vollständig entladen!
2026-07-15 15:53:24,280:INFO: Simulation beendet. 2284 Werte verarbeitet.
2026-07-15 15:53:24,280:INFO: Starte Simulation des Ladezustands
2026-07-15 15:53:24,313:WARNING: Batterie ist vollständig entladen!
2026-07-15 15:53:24,316:INFO: Simulation beendet. 2284 Werte verarbeitet.
2026-07-15 15:53:24,316:INFO: Starte Simulation des Ladezustands
2026-07-15 15:53:24,317:INFO: Batterie ist vollständig geladen.
2026-07-15 15:53:24,339:WARNING: Batterie ist vollständig entladen!
2026-07-15 15:53:24,342:INFO: Simulation beendet. 2284 Werte verarbeitet.
2026-07-15 15:53:24,419:INFO: Plot des Ladezustands wurde erfolgreich als 'SOC.png' gespeichert.
2026-07-15 15:53:24,498:INFO: Plot des Ladezustands wurde erfolgreich als 'SOC.png' gespeichert.
2026-07-15 15:53:24,498:INFO: Batteriesimulation abgeschlossen.
2026-07-15 15:53:24,498:INFO: Simulation erfolgreich beendet.
2026-07-15 15:53:24,498:INFO: Starte Berechnung der Kenngrößen.
2026-07-15 15:53:24,499:INFO: Kenngrößen erfolgreich berechnet.
2026-07-15 15:53:24,499:INFO: Simulation gestartet.
2026-07-15 15:53:24,499:INFO: Eingabedaten erfolgreich geprüft.
2026-07-15 15:53:24,499:INFO: Konstanten initialisiert.
2026-07-15 15:53:24,499:INFO: Starte Glättung der GPS Daten.
2026-07-15 15:53:24,500:INFO: GPS-Daten erfolgreich geglättet.
2026-07-15 15:53:24,500:INFO: GPS-Daten geglättet.
2026-07-15 15:53:24,500:INFO: Berechne Himmelsrichtung.
2026-07-15 15:53:24,501:INFO: Himmelsrichtung erfolgreich berechnet.
2026-07-15 15:53:24,502:INFO: Himmelsrichtung berechnet.
2026-07-15 15:53:24,503:INFO: Zeitdaten berechnet.
2026-07-15 15:53:24,503:INFO: Starte Haversine-Berechnung.
2026-07-15 15:53:24,503:INFO: Haversine-Berechnung erfolgreich.
2026-07-15 15:53:24,504:INFO: Starte Haversine-Berechnung.
2026-07-15 15:53:24,504:INFO: Haversine-Berechnung erfolgreich.
2026-07-15 15:53:24,504:INFO: Strecke berechnet.
2026-07-15 15:53:24,505:INFO: Geschwindigkeit berechnet.
2026-07-15 15:53:24,506:INFO: Beschleunigung berechnet.
2026-07-15 15:53:24,507:INFO: Steigungswinkel berechnet.
2026-07-15 15:53:24,507:INFO: Luftdichte berechnet.
2026-07-15 15:53:24,508:INFO: Kräfte berechnet.
2026-07-15 15:53:24,509:INFO: Leistung berechnet.
2026-07-15 15:53:24,509:INFO: Drehmoment berechnet.
2026-07-15 15:53:24,509:INFO: Motorstrom berechnet.
2026-07-15 15:53:24,509:INFO: BatteryPack erfolgreich initialisiert.
2026-07-15 15:53:24,509:INFO: BatteryPack erfolgreich initialisiert.
2026-07-15 15:53:24,509:INFO: BatterySimulator erfolgreich initialisiert.
2026-07-15 15:53:24,509:INFO: BatterySimulator erfolgreich initialisiert.
2026-07-15 15:53:24,509:INFO: Starte Simulation des Ladezustands
2026-07-15 15:53:24,537:WARNING: Batterie ist vollständig entladen!
2026-07-15 15:53:24,542:INFO: Simulation beendet. 2284 Werte verarbeitet.
2026-07-15 15:53:24,542:INFO: Starte Simulation des Ladezustands
2026-07-15 15:53:24,565:WARNING: Batterie ist vollständig entladen!
2026-07-15 15:53:24,568:INFO: Simulation beendet. 2284 Werte verarbeitet.
2026-07-15 15:53:24,568:INFO: Starte Simulation des Ladezustands
2026-07-15 15:53:24,570:INFO: Batterie ist vollständig geladen.
2026-07-15 15:53:24,592:WARNING: Batterie ist vollständig entladen!
2026-07-15 15:53:24,595:INFO: Simulation beendet. 2284 Werte verarbeitet.
2026-07-15 15:53:24,672:INFO: Plot des Ladezustands wurde erfolgreich als 'SOC.png' gespeichert.
2026-07-15 15:53:24,752:INFO: Plot des Ladezustands wurde erfolgreich als 'SOC.png' gespeichert.
2026-07-15 15:53:24,752:INFO: Batteriesimulation abgeschlossen.
2026-07-15 15:53:24,752:INFO: Simulation erfolgreich beendet.
2026-07-15 15:53:24,752:INFO: Starte Berechnung der Kenngrößen.
2026-07-15 15:53:24,753:INFO: Kenngrößen erfolgreich berechnet.
2026-07-15 15:53:24,754:INFO: Simulation gestartet.
2026-07-15 15:53:24,754:INFO: Eingabedaten erfolgreich geprüft.
2026-07-15 15:53:24,754:INFO: Konstanten initialisiert.
2026-07-15 15:53:24,754:INFO: Starte Glättung der GPS Daten.
2026-07-15 15:53:24,754:INFO: GPS-Daten erfolgreich geglättet.
2026-07-15 15:53:24,754:INFO: GPS-Daten geglättet.
2026-07-15 15:53:24,754:INFO: Berechne Himmelsrichtung.
2026-07-15 15:53:24,756:INFO: Himmelsrichtung erfolgreich berechnet.
2026-07-15 15:53:24,756:INFO: Himmelsrichtung berechnet.
2026-07-15 15:53:24,757:INFO: Zeitdaten berechnet.
2026-07-15 15:53:24,758:INFO: Starte Haversine-Berechnung.
2026-07-15 15:53:24,758:INFO: Haversine-Berechnung erfolgreich.
2026-07-15 15:53:24,759:INFO: Starte Haversine-Berechnung.
2026-07-15 15:53:24,759:INFO: Haversine-Berechnung erfolgreich.
2026-07-15 15:53:24,759:INFO: Strecke berechnet.
2026-07-15 15:53:24,760:INFO: Geschwindigkeit berechnet.
2026-07-15 15:53:24,761:INFO: Beschleunigung berechnet.
2026-07-15 15:53:24,762:INFO: Steigungswinkel berechnet.
2026-07-15 15:53:24,762:INFO: Luftdichte berechnet.
2026-07-15 15:53:24,763:INFO: Kräfte berechnet.
2026-07-15 15:53:24,763:INFO: Leistung berechnet.
2026-07-15 15:53:24,763:INFO: Drehmoment berechnet.
2026-07-15 15:53:24,763:INFO: Motorstrom berechnet.
2026-07-15 15:53:24,763:INFO: BatteryPack erfolgreich initialisiert.
2026-07-15 15:53:24,763:INFO: BatteryPack erfolgreich initialisiert.
2026-07-15 15:53:24,763:INFO: BatterySimulator erfolgreich initialisiert.
2026-07-15 15:53:24,763:INFO: BatterySimulator erfolgreich initialisiert.
2026-07-15 15:53:24,763:INFO: Starte Simulation des Ladezustands
2026-07-15 15:53:24,797:WARNING: Batterie ist vollständig entladen!
2026-07-15 15:53:24,799:WARNING: Batterie ist vollständig entladen!
2026-07-15 15:53:24,802:INFO: Simulation beendet. 2284 Werte verarbeitet.
2026-07-15 15:53:24,802:INFO: Starte Simulation des Ladezustands
2026-07-15 15:53:24,826:WARNING: Batterie ist vollständig entladen!
2026-07-15 15:53:24,827:WARNING: Batterie ist vollständig entladen!
2026-07-15 15:53:24,831:INFO: Simulation beendet. 2284 Werte verarbeitet.
2026-07-15 15:53:24,831:INFO: Starte Simulation des Ladezustands
2026-07-15 15:53:24,833:INFO: Batterie ist vollständig geladen.
2026-07-15 15:53:24,853:WARNING: Batterie ist vollständig entladen!
2026-07-15 15:53:24,855:WARNING: Batterie ist vollständig entladen!
2026-07-15 15:53:24,859:INFO: Simulation beendet. 2284 Werte verarbeitet.
2026-07-15 15:53:24,938:INFO: Plot des Ladezustands wurde erfolgreich als 'SOC.png' gespeichert.
2026-07-15 15:53:25,020:INFO: Plot des Ladezustands wurde erfolgreich als 'SOC.png' gespeichert.
2026-07-15 15:53:25,020:INFO: Batteriesimulation abgeschlossen.
2026-07-15 15:53:25,020:INFO: Simulation erfolgreich beendet.
2026-07-15 15:53:25,020:INFO: Starte Berechnung der Kenngrößen.
2026-07-15 15:53:25,021:INFO: Kenngrößen erfolgreich berechnet.
2026-07-15 15:53:25,022:INFO: Simulation gestartet.
2026-07-15 15:53:25,022:INFO: Eingabedaten erfolgreich geprüft.
2026-07-15 15:53:25,022:INFO: Konstanten initialisiert.
2026-07-15 15:53:25,022:INFO: Starte Glättung der GPS Daten.
2026-07-15 15:53:25,022:INFO: GPS-Daten erfolgreich geglättet.
2026-07-15 15:53:25,022:INFO: GPS-Daten geglättet.
2026-07-15 15:53:25,022:INFO: Berechne Himmelsrichtung.
2026-07-15 15:53:25,024:INFO: Himmelsrichtung erfolgreich berechnet.
2026-07-15 15:53:25,024:INFO: Himmelsrichtung berechnet.
2026-07-15 15:53:25,027:INFO: Zeitdaten berechnet.
2026-07-15 15:53:25,027:INFO: Starte Haversine-Berechnung.
2026-07-15 15:53:25,027:INFO: Haversine-Berechnung erfolgreich.
2026-07-15 15:53:25,028:INFO: Starte Haversine-Berechnung.
2026-07-15 15:53:25,028:INFO: Haversine-Berechnung erfolgreich.
2026-07-15 15:53:25,029:INFO: Strecke berechnet.
2026-07-15 15:53:25,029:INFO: Geschwindigkeit berechnet.
2026-07-15 15:53:25,030:INFO: Beschleunigung berechnet.
2026-07-15 15:53:25,032:INFO: Steigungswinkel berechnet.
2026-07-15 15:53:25,032:INFO: Luftdichte berechnet.
2026-07-15 15:53:25,033:INFO: Kräfte berechnet.
2026-07-15 15:53:25,033:INFO: Leistung berechnet.
2026-07-15 15:53:25,033:INFO: Drehmoment berechnet.
2026-07-15 15:53:25,034:INFO: Motorstrom berechnet.
2026-07-15 15:53:25,034:INFO: BatteryPack erfolgreich initialisiert.
2026-07-15 15:53:25,034:INFO: BatteryPack erfolgreich initialisiert.
2026-07-15 15:53:25,034:INFO: BatterySimulator erfolgreich initialisiert.
2026-07-15 15:53:25,034:INFO: BatterySimulator erfolgreich initialisiert.
2026-07-15 15:53:25,034:INFO: Starte Simulation des Ladezustands
2026-07-15 15:53:25,067:WARNING: Batterie ist vollständig entladen!
2026-07-15 15:53:25,070:WARNING: Batterie ist vollständig entladen!
2026-07-15 15:53:25,073:INFO: Simulation beendet. 2284 Werte verarbeitet.
2026-07-15 15:53:25,073:INFO: Starte Simulation des Ladezustands
2026-07-15 15:53:25,096:WARNING: Batterie ist vollständig entladen!
2026-07-15 15:53:25,100:WARNING: Batterie ist vollständig entladen!
2026-07-15 15:53:25,103:INFO: Simulation beendet. 2284 Werte verarbeitet.
2026-07-15 15:53:25,103:INFO: Starte Simulation des Ladezustands
2026-07-15 15:53:25,105:INFO: Batterie ist vollständig geladen.
2026-07-15 15:53:25,126:WARNING: Batterie ist vollständig entladen!
2026-07-15 15:53:25,128:WARNING: Batterie ist vollständig entladen!
2026-07-15 15:53:25,131:INFO: Simulation beendet. 2284 Werte verarbeitet.
2026-07-15 15:53:25,218:INFO: Plot des Ladezustands wurde erfolgreich als 'SOC.png' gespeichert.
2026-07-15 15:53:25,312:INFO: Plot des Ladezustands wurde erfolgreich als 'SOC.png' gespeichert.
2026-07-15 15:53:25,313:INFO: Batteriesimulation abgeschlossen.
2026-07-15 15:53:25,313:INFO: Simulation erfolgreich beendet.
2026-07-15 15:53:25,313:INFO: Starte Berechnung der Kenngrößen.
2026-07-15 15:53:25,314:INFO: Kenngrößen erfolgreich berechnet.
2026-07-15 15:53:25,315:INFO: Simulation gestartet.
2026-07-15 15:53:25,315:INFO: Eingabedaten erfolgreich geprüft.
2026-07-15 15:53:25,315:INFO: Konstanten initialisiert.
2026-07-15 15:53:25,315:INFO: Starte Glättung der GPS Daten.
2026-07-15 15:53:25,315:INFO: GPS-Daten erfolgreich geglättet.
2026-07-15 15:53:25,315:INFO: GPS-Daten geglättet.
2026-07-15 15:53:25,316:INFO: Berechne Himmelsrichtung.
2026-07-15 15:53:25,318:INFO: Himmelsrichtung erfolgreich berechnet.
2026-07-15 15:53:25,318:INFO: Himmelsrichtung berechnet.
2026-07-15 15:53:25,319:INFO: Zeitdaten berechnet.
2026-07-15 15:53:25,320:INFO: Starte Haversine-Berechnung.
2026-07-15 15:53:25,321:INFO: Haversine-Berechnung erfolgreich.
2026-07-15 15:53:25,321:INFO: Starte Haversine-Berechnung.
2026-07-15 15:53:25,324:INFO: Haversine-Berechnung erfolgreich.
2026-07-15 15:53:25,326:INFO: Strecke berechnet.
2026-07-15 15:53:25,328:INFO: Geschwindigkeit berechnet.
2026-07-15 15:53:25,330:INFO: Beschleunigung berechnet.
2026-07-15 15:53:25,333:INFO: Steigungswinkel berechnet.
2026-07-15 15:53:25,333:INFO: Luftdichte berechnet.
2026-07-15 15:53:25,335:INFO: Kräfte berechnet.
2026-07-15 15:53:25,336:INFO: Leistung berechnet.
2026-07-15 15:53:25,337:INFO: Drehmoment berechnet.
2026-07-15 15:53:25,337:INFO: Motorstrom berechnet.
2026-07-15 15:53:25,338:INFO: BatteryPack erfolgreich initialisiert.
2026-07-15 15:53:25,338:INFO: BatteryPack erfolgreich initialisiert.
2026-07-15 15:53:25,338:INFO: BatterySimulator erfolgreich initialisiert.
2026-07-15 15:53:25,338:INFO: BatterySimulator erfolgreich initialisiert.
2026-07-15 15:53:25,338:INFO: Starte Simulation des Ladezustands
2026-07-15 15:53:25,380:WARNING: Batterie ist vollständig entladen!
2026-07-15 15:53:25,384:WARNING: Batterie ist vollständig entladen!
2026-07-15 15:53:25,387:INFO: Simulation beendet. 2284 Werte verarbeitet.
2026-07-15 15:53:25,387:INFO: Starte Simulation des Ladezustands
2026-07-15 15:53:25,410:WARNING: Batterie ist vollständig entladen!
2026-07-15 15:53:25,413:WARNING: Batterie ist vollständig entladen!
2026-07-15 15:53:25,417:INFO: Simulation beendet. 2284 Werte verarbeitet.
2026-07-15 15:53:25,417:INFO: Starte Simulation des Ladezustands
2026-07-15 15:53:25,418:INFO: Batterie ist vollständig geladen.
2026-07-15 15:53:25,441:WARNING: Batterie ist vollständig entladen!
2026-07-15 15:53:25,444:WARNING: Batterie ist vollständig entladen!
2026-07-15 15:53:25,448:INFO: Simulation beendet. 2284 Werte verarbeitet.
2026-07-15 15:53:25,539:INFO: Plot des Ladezustands wurde erfolgreich als 'SOC.png' gespeichert.
2026-07-15 15:53:25,628:INFO: Plot des Ladezustands wurde erfolgreich als 'SOC.png' gespeichert.
2026-07-15 15:53:25,628:INFO: Batteriesimulation abgeschlossen.
2026-07-15 15:53:25,628:INFO: Simulation erfolgreich beendet.
2026-07-15 15:53:25,628:INFO: Starte Berechnung der Kenngrößen.
2026-07-15 15:53:25,629:INFO: Kenngrößen erfolgreich berechnet.
2026-07-15 15:53:25,630:INFO: Simulation gestartet.
2026-07-15 15:53:25,630:INFO: Eingabedaten erfolgreich geprüft.
2026-07-15 15:53:25,630:INFO: Konstanten initialisiert.
2026-07-15 15:53:25,630:INFO: Starte Glättung der GPS Daten.
2026-07-15 15:53:25,631:INFO: GPS-Daten erfolgreich geglättet.
2026-07-15 15:53:25,631:INFO: GPS-Daten geglättet.
2026-07-15 15:53:25,631:INFO: Berechne Himmelsrichtung.
2026-07-15 15:53:25,632:INFO: Himmelsrichtung erfolgreich berechnet.
2026-07-15 15:53:25,633:INFO: Himmelsrichtung berechnet.
2026-07-15 15:53:25,634:INFO: Zeitdaten berechnet.
2026-07-15 15:53:25,634:INFO: Starte Haversine-Berechnung.
2026-07-15 15:53:25,634:INFO: Haversine-Berechnung erfolgreich.
2026-07-15 15:53:25,635:INFO: Starte Haversine-Berechnung.
2026-07-15 15:53:25,635:INFO: Haversine-Berechnung erfolgreich.
2026-07-15 15:53:25,636:INFO: Strecke berechnet.
2026-07-15 15:53:25,636:INFO: Geschwindigkeit berechnet.
2026-07-15 15:53:25,637:INFO: Beschleunigung berechnet.
2026-07-15 15:53:25,638:INFO: Steigungswinkel berechnet.
2026-07-15 15:53:25,639:INFO: Luftdichte berechnet.
2026-07-15 15:53:25,639:INFO: Kräfte berechnet.
2026-07-15 15:53:25,640:INFO: Leistung berechnet.
2026-07-15 15:53:25,640:INFO: Drehmoment berechnet.
2026-07-15 15:53:25,641:INFO: Motorstrom berechnet.
2026-07-15 15:53:25,641:INFO: BatteryPack erfolgreich initialisiert.
2026-07-15 15:53:25,641:INFO: BatteryPack erfolgreich initialisiert.
2026-07-15 15:53:25,641:INFO: BatterySimulator erfolgreich initialisiert.
2026-07-15 15:53:25,641:INFO: BatterySimulator erfolgreich initialisiert.
2026-07-15 15:53:25,641:INFO: Starte Simulation des Ladezustands
2026-07-15 15:53:25,666:WARNING: Batterie ist vollständig entladen!
2026-07-15 15:53:25,669:WARNING: Batterie ist vollständig entladen!
2026-07-15 15:53:25,672:INFO: Simulation beendet. 2284 Werte verarbeitet.
2026-07-15 15:53:25,672:INFO: Starte Simulation des Ladezustands
2026-07-15 15:53:25,695:WARNING: Batterie ist vollständig entladen!
2026-07-15 15:53:25,697:WARNING: Batterie ist vollständig entladen!
2026-07-15 15:53:25,701:INFO: Simulation beendet. 2284 Werte verarbeitet.
2026-07-15 15:53:25,701:INFO: Starte Simulation des Ladezustands
2026-07-15 15:53:25,702:INFO: Batterie ist vollständig geladen.
2026-07-15 15:53:25,722:WARNING: Batterie ist vollständig entladen!
2026-07-15 15:53:25,725:WARNING: Batterie ist vollständig entladen!
2026-07-15 15:53:25,728:INFO: Simulation beendet. 2284 Werte verarbeitet.
2026-07-15 15:53:25,805:INFO: Plot des Ladezustands wurde erfolgreich als 'SOC.png' gespeichert.
2026-07-15 15:53:25,893:INFO: Plot des Ladezustands wurde erfolgreich als 'SOC.png' gespeichert.
2026-07-15 15:53:25,893:INFO: Batteriesimulation abgeschlossen.
2026-07-15 15:53:25,893:INFO: Simulation erfolgreich beendet.
2026-07-15 15:53:25,893:INFO: Starte Berechnung der Kenngrößen.
2026-07-15 15:53:25,894:INFO: Kenngrößen erfolgreich berechnet.
2026-07-15 15:53:25,894:INFO: Simulation gestartet.
2026-07-15 15:53:25,894:INFO: Eingabedaten erfolgreich geprüft.
2026-07-15 15:53:25,895:INFO: Konstanten initialisiert.
2026-07-15 15:53:25,895:INFO: Starte Glättung der GPS Daten.
2026-07-15 15:53:25,895:INFO: GPS-Daten erfolgreich geglättet.
2026-07-15 15:53:25,895:INFO: GPS-Daten geglättet.
2026-07-15 15:53:25,895:INFO: Berechne Himmelsrichtung.
2026-07-15 15:53:25,897:INFO: Himmelsrichtung erfolgreich berechnet.
2026-07-15 15:53:25,897:INFO: Himmelsrichtung berechnet.
2026-07-15 15:53:25,899:INFO: Zeitdaten berechnet.
2026-07-15 15:53:25,899:INFO: Starte Haversine-Berechnung.
2026-07-15 15:53:25,900:INFO: Haversine-Berechnung erfolgreich.
2026-07-15 15:53:25,901:INFO: Starte Haversine-Berechnung.
2026-07-15 15:53:25,901:INFO: Haversine-Berechnung erfolgreich.
2026-07-15 15:53:25,902:INFO: Strecke berechnet.
2026-07-15 15:53:25,902:INFO: Geschwindigkeit berechnet.
2026-07-15 15:53:25,903:INFO: Beschleunigung berechnet.
2026-07-15 15:53:25,904:INFO: Steigungswinkel berechnet.
2026-07-15 15:53:25,904:INFO: Luftdichte berechnet.
2026-07-15 15:53:25,905:INFO: Kräfte berechnet.
2026-07-15 15:53:25,905:INFO: Leistung berechnet.
2026-07-15 15:53:25,906:INFO: Drehmoment berechnet.
2026-07-15 15:53:25,906:INFO: Motorstrom berechnet.
2026-07-15 15:53:25,906:INFO: BatteryPack erfolgreich initialisiert.
2026-07-15 15:53:25,906:INFO: BatteryPack erfolgreich initialisiert.
2026-07-15 15:53:25,906:INFO: BatterySimulator erfolgreich initialisiert.
2026-07-15 15:53:25,906:INFO: BatterySimulator erfolgreich initialisiert.
2026-07-15 15:53:25,906:INFO: Starte Simulation des Ladezustands
2026-07-15 15:53:25,930:WARNING: Batterie ist vollständig entladen!
2026-07-15 15:53:25,934:WARNING: Batterie ist vollständig entladen!
2026-07-15 15:53:25,938:INFO: Simulation beendet. 2284 Werte verarbeitet.
2026-07-15 15:53:25,938:INFO: Starte Simulation des Ladezustands
2026-07-15 15:53:25,958:WARNING: Batterie ist vollständig entladen!
2026-07-15 15:53:25,961:WARNING: Batterie ist vollständig entladen!
2026-07-15 15:53:25,965:INFO: Simulation beendet. 2284 Werte verarbeitet.
2026-07-15 15:53:25,965:INFO: Starte Simulation des Ladezustands
2026-07-15 15:53:25,966:INFO: Batterie ist vollständig geladen.
2026-07-15 15:53:25,986:WARNING: Batterie ist vollständig entladen!
2026-07-15 15:53:25,988:WARNING: Batterie ist vollständig entladen!
2026-07-15 15:53:25,992:INFO: Simulation beendet. 2284 Werte verarbeitet.
2026-07-15 15:53:26,070:INFO: Plot des Ladezustands wurde erfolgreich als 'SOC.png' gespeichert.
2026-07-15 15:53:26,160:INFO: Plot des Ladezustands wurde erfolgreich als 'SOC.png' gespeichert.
2026-07-15 15:53:26,160:INFO: Batteriesimulation abgeschlossen.
2026-07-15 15:53:26,160:INFO: Simulation erfolgreich beendet.
2026-07-15 15:53:26,160:INFO: Starte Berechnung der Kenngrößen.
2026-07-15 15:53:26,161:INFO: Kenngrößen erfolgreich berechnet.
2026-07-15 15:53:26,302:INFO: Parameterstudie erfolgreich abgeschlossen.
2026-07-15 15:53:26,302:INFO: Starte Parameterstudie für 'A'.
2026-07-15 15:53:26,302:INFO: Simulation gestartet.
2026-07-15 15:53:26,302:INFO: Eingabedaten erfolgreich geprüft.
2026-07-15 15:53:26,302:INFO: Konstanten initialisiert.
2026-07-15 15:53:26,302:INFO: Starte Glättung der GPS Daten.
2026-07-15 15:53:26,303:INFO: GPS-Daten erfolgreich geglättet.
2026-07-15 15:53:26,303:INFO: GPS-Daten geglättet.
2026-07-15 15:53:26,303:INFO: Berechne Himmelsrichtung.
2026-07-15 15:53:26,305:INFO: Himmelsrichtung erfolgreich berechnet.
2026-07-15 15:53:26,305:INFO: Himmelsrichtung berechnet.
2026-07-15 15:53:26,306:INFO: Zeitdaten berechnet.
2026-07-15 15:53:26,306:INFO: Starte Haversine-Berechnung.
2026-07-15 15:53:26,308:INFO: Haversine-Berechnung erfolgreich.
2026-07-15 15:53:26,308:INFO: Starte Haversine-Berechnung.
2026-07-15 15:53:26,309:INFO: Haversine-Berechnung erfolgreich.
2026-07-15 15:53:26,309:INFO: Strecke berechnet.
2026-07-15 15:53:26,310:INFO: Geschwindigkeit berechnet.
2026-07-15 15:53:26,311:INFO: Beschleunigung berechnet.
2026-07-15 15:53:26,312:INFO: Steigungswinkel berechnet.
2026-07-15 15:53:26,312:INFO: Luftdichte berechnet.
2026-07-15 15:53:26,313:INFO: Kräfte berechnet.
2026-07-15 15:53:26,313:INFO: Leistung berechnet.
2026-07-15 15:53:26,313:INFO: Drehmoment berechnet.
2026-07-15 15:53:26,314:INFO: Motorstrom berechnet.
2026-07-15 15:53:26,314:INFO: BatteryPack erfolgreich initialisiert.
2026-07-15 15:53:26,314:INFO: BatteryPack erfolgreich initialisiert.
2026-07-15 15:53:26,314:INFO: BatterySimulator erfolgreich initialisiert.
2026-07-15 15:53:26,314:INFO: BatterySimulator erfolgreich initialisiert.
2026-07-15 15:53:26,314:INFO: Starte Simulation des Ladezustands
2026-07-15 15:53:26,342:INFO: Simulation beendet. 2284 Werte verarbeitet.
2026-07-15 15:53:26,342:INFO: Starte Simulation des Ladezustands
2026-07-15 15:53:26,372:INFO: Simulation beendet. 2284 Werte verarbeitet.
2026-07-15 15:53:26,372:INFO: Starte Simulation des Ladezustands
2026-07-15 15:53:26,374:INFO: Batterie ist vollständig geladen.
2026-07-15 15:53:26,401:INFO: Simulation beendet. 2284 Werte verarbeitet.
2026-07-15 15:53:26,483:INFO: Plot des Ladezustands wurde erfolgreich als 'SOC.png' gespeichert.
2026-07-15 15:53:26,567:INFO: Plot des Ladezustands wurde erfolgreich als 'SOC.png' gespeichert.
2026-07-15 15:53:26,567:INFO: Batteriesimulation abgeschlossen.
2026-07-15 15:53:26,567:INFO: Simulation erfolgreich beendet.
2026-07-15 15:53:26,567:INFO: Starte Berechnung der Kenngrößen.
2026-07-15 15:53:26,568:INFO: Kenngrößen erfolgreich berechnet.
2026-07-15 15:53:26,569:INFO: Simulation gestartet.
2026-07-15 15:53:26,569:INFO: Eingabedaten erfolgreich geprüft.
2026-07-15 15:53:26,569:INFO: Konstanten initialisiert.
2026-07-15 15:53:26,569:INFO: Starte Glättung der GPS Daten.
2026-07-15 15:53:26,570:INFO: GPS-Daten erfolgreich geglättet.
2026-07-15 15:53:26,570:INFO: GPS-Daten geglättet.
2026-07-15 15:53:26,570:INFO: Berechne Himmelsrichtung.
2026-07-15 15:53:26,571:INFO: Himmelsrichtung erfolgreich berechnet.
2026-07-15 15:53:26,571:INFO: Himmelsrichtung berechnet.
2026-07-15 15:53:26,572:INFO: Zeitdaten berechnet.
2026-07-15 15:53:26,573:INFO: Starte Haversine-Berechnung.
2026-07-15 15:53:26,574:INFO: Haversine-Berechnung erfolgreich.
2026-07-15 15:53:26,574:INFO: Starte Haversine-Berechnung.
2026-07-15 15:53:26,575:INFO: Haversine-Berechnung erfolgreich.
2026-07-15 15:53:26,575:INFO: Strecke berechnet.
2026-07-15 15:53:26,576:INFO: Geschwindigkeit berechnet.
2026-07-15 15:53:26,577:INFO: Beschleunigung berechnet.
2026-07-15 15:53:26,577:INFO: Steigungswinkel berechnet.
2026-07-15 15:53:26,578:INFO: Luftdichte berechnet.
2026-07-15 15:53:26,578:INFO: Kräfte berechnet.
2026-07-15 15:53:26,579:INFO: Leistung berechnet.
2026-07-15 15:53:26,579:INFO: Drehmoment berechnet.
2026-07-15 15:53:26,579:INFO: Motorstrom berechnet.
2026-07-15 15:53:26,579:INFO: BatteryPack erfolgreich initialisiert.
2026-07-15 15:53:26,579:INFO: BatteryPack erfolgreich initialisiert.
2026-07-15 15:53:26,579:INFO: BatterySimulator erfolgreich initialisiert.
2026-07-15 15:53:26,579:INFO: BatterySimulator erfolgreich initialisiert.
2026-07-15 15:53:26,579:INFO: Starte Simulation des Ladezustands
2026-07-15 15:53:26,599:WARNING: Batterie ist vollständig entladen!
2026-07-15 15:53:26,610:INFO: Simulation beendet. 2284 Werte verarbeitet.
2026-07-15 15:53:26,610:INFO: Starte Simulation des Ladezustands
2026-07-15 15:53:26,628:WARNING: Batterie ist vollständig entladen!
2026-07-15 15:53:26,638:INFO: Simulation beendet. 2284 Werte verarbeitet.
2026-07-15 15:53:26,638:INFO: Starte Simulation des Ladezustands
2026-07-15 15:53:26,639:INFO: Batterie ist vollständig geladen.
2026-07-15 15:53:26,656:WARNING: Batterie ist vollständig entladen!
2026-07-15 15:53:26,666:INFO: Simulation beendet. 2284 Werte verarbeitet.
2026-07-15 15:53:26,745:INFO: Plot des Ladezustands wurde erfolgreich als 'SOC.png' gespeichert.
2026-07-15 15:53:26,826:INFO: Plot des Ladezustands wurde erfolgreich als 'SOC.png' gespeichert.
2026-07-15 15:53:26,826:INFO: Batteriesimulation abgeschlossen.
2026-07-15 15:53:26,826:INFO: Simulation erfolgreich beendet.
2026-07-15 15:53:26,826:INFO: Starte Berechnung der Kenngrößen.
2026-07-15 15:53:26,827:INFO: Kenngrößen erfolgreich berechnet.
2026-07-15 15:53:26,828:INFO: Simulation gestartet.
2026-07-15 15:53:26,828:INFO: Eingabedaten erfolgreich geprüft.
2026-07-15 15:53:26,828:INFO: Konstanten initialisiert.
2026-07-15 15:53:26,828:INFO: Starte Glättung der GPS Daten.
2026-07-15 15:53:26,828:INFO: GPS-Daten erfolgreich geglättet.
2026-07-15 15:53:26,828:INFO: GPS-Daten geglättet.
2026-07-15 15:53:26,828:INFO: Berechne Himmelsrichtung.
2026-07-15 15:53:26,830:INFO: Himmelsrichtung erfolgreich berechnet.
2026-07-15 15:53:26,830:INFO: Himmelsrichtung berechnet.
2026-07-15 15:53:26,831:INFO: Zeitdaten berechnet.
2026-07-15 15:53:26,831:INFO: Starte Haversine-Berechnung.
2026-07-15 15:53:26,832:INFO: Haversine-Berechnung erfolgreich.
2026-07-15 15:53:26,833:INFO: Starte Haversine-Berechnung.
2026-07-15 15:53:26,834:INFO: Haversine-Berechnung erfolgreich.
2026-07-15 15:53:26,834:INFO: Strecke berechnet.
2026-07-15 15:53:26,835:INFO: Geschwindigkeit berechnet.
2026-07-15 15:53:26,835:INFO: Beschleunigung berechnet.
2026-07-15 15:53:26,836:INFO: Steigungswinkel berechnet.
2026-07-15 15:53:26,837:INFO: Luftdichte berechnet.
2026-07-15 15:53:26,837:INFO: Kräfte berechnet.
2026-07-15 15:53:26,838:INFO: Leistung berechnet.
2026-07-15 15:53:26,838:INFO: Drehmoment berechnet.
2026-07-15 15:53:26,838:INFO: Motorstrom berechnet.
2026-07-15 15:53:26,838:INFO: BatteryPack erfolgreich initialisiert.
2026-07-15 15:53:26,838:INFO: BatteryPack erfolgreich initialisiert.
2026-07-15 15:53:26,838:INFO: BatterySimulator erfolgreich initialisiert.
2026-07-15 15:53:26,838:INFO: BatterySimulator erfolgreich initialisiert.
2026-07-15 15:53:26,838:INFO: Starte Simulation des Ladezustands
2026-07-15 15:53:26,852:WARNING: Batterie ist vollständig entladen!
2026-07-15 15:53:26,868:INFO: Simulation beendet. 2284 Werte verarbeitet.
2026-07-15 15:53:26,868:INFO: Starte Simulation des Ladezustands
2026-07-15 15:53:26,882:WARNING: Batterie ist vollständig entladen!
2026-07-15 15:53:26,897:INFO: Simulation beendet. 2284 Werte verarbeitet.
2026-07-15 15:53:26,898:INFO: Starte Simulation des Ladezustands
2026-07-15 15:53:26,899:INFO: Batterie ist vollständig geladen.
2026-07-15 15:53:26,912:WARNING: Batterie ist vollständig entladen!
2026-07-15 15:53:26,927:INFO: Simulation beendet. 2284 Werte verarbeitet.
2026-07-15 15:53:27,005:INFO: Plot des Ladezustands wurde erfolgreich als 'SOC.png' gespeichert.
2026-07-15 15:53:27,086:INFO: Plot des Ladezustands wurde erfolgreich als 'SOC.png' gespeichert.
2026-07-15 15:53:27,086:INFO: Batteriesimulation abgeschlossen.
2026-07-15 15:53:27,086:INFO: Simulation erfolgreich beendet.
2026-07-15 15:53:27,086:INFO: Starte Berechnung der Kenngrößen.
2026-07-15 15:53:27,087:INFO: Kenngrößen erfolgreich berechnet.
2026-07-15 15:53:27,088:INFO: Simulation gestartet.
2026-07-15 15:53:27,088:INFO: Eingabedaten erfolgreich geprüft.
2026-07-15 15:53:27,088:INFO: Konstanten initialisiert.
2026-07-15 15:53:27,088:INFO: Starte Glättung der GPS Daten.
2026-07-15 15:53:27,088:INFO: GPS-Daten erfolgreich geglättet.
2026-07-15 15:53:27,088:INFO: GPS-Daten geglättet.
2026-07-15 15:53:27,088:INFO: Berechne Himmelsrichtung.
2026-07-15 15:53:27,090:INFO: Himmelsrichtung erfolgreich berechnet.
2026-07-15 15:53:27,090:INFO: Himmelsrichtung berechnet.
2026-07-15 15:53:27,091:INFO: Zeitdaten berechnet.
2026-07-15 15:53:27,091:INFO: Starte Haversine-Berechnung.
2026-07-15 15:53:27,092:INFO: Haversine-Berechnung erfolgreich.
2026-07-15 15:53:27,092:INFO: Starte Haversine-Berechnung.
2026-07-15 15:53:27,093:INFO: Haversine-Berechnung erfolgreich.
2026-07-15 15:53:27,093:INFO: Strecke berechnet.
2026-07-15 15:53:27,094:INFO: Geschwindigkeit berechnet.
2026-07-15 15:53:27,094:INFO: Beschleunigung berechnet.
2026-07-15 15:53:27,095:INFO: Steigungswinkel berechnet.
2026-07-15 15:53:27,095:INFO: Luftdichte berechnet.
2026-07-15 15:53:27,096:INFO: Kräfte berechnet.
2026-07-15 15:53:27,096:INFO: Leistung berechnet.
2026-07-15 15:53:27,096:INFO: Drehmoment berechnet.
2026-07-15 15:53:27,097:INFO: Motorstrom berechnet.
2026-07-15 15:53:27,097:INFO: BatteryPack erfolgreich initialisiert.
2026-07-15 15:53:27,097:INFO: BatteryPack erfolgreich initialisiert.
2026-07-15 15:53:27,097:INFO: BatterySimulator erfolgreich initialisiert.
2026-07-15 15:53:27,097:INFO: BatterySimulator erfolgreich initialisiert.
2026-07-15 15:53:27,097:INFO: Starte Simulation des Ladezustands
2026-07-15 15:53:27,109:WARNING: Batterie ist vollständig entladen!
2026-07-15 15:53:27,126:INFO: Simulation beendet. 2284 Werte verarbeitet.
2026-07-15 15:53:27,127:INFO: Starte Simulation des Ladezustands
2026-07-15 15:53:27,138:WARNING: Batterie ist vollständig entladen!
2026-07-15 15:53:27,154:INFO: Simulation beendet. 2284 Werte verarbeitet.
2026-07-15 15:53:27,154:INFO: Starte Simulation des Ladezustands
2026-07-15 15:53:27,155:INFO: Batterie ist vollständig geladen.
2026-07-15 15:53:27,165:WARNING: Batterie ist vollständig entladen!
2026-07-15 15:53:27,181:INFO: Simulation beendet. 2284 Werte verarbeitet.
2026-07-15 15:53:27,295:INFO: Plot des Ladezustands wurde erfolgreich als 'SOC.png' gespeichert.
2026-07-15 15:53:27,385:INFO: Plot des Ladezustands wurde erfolgreich als 'SOC.png' gespeichert.
2026-07-15 15:53:27,385:INFO: Batteriesimulation abgeschlossen.
2026-07-15 15:53:27,385:INFO: Simulation erfolgreich beendet.
2026-07-15 15:53:27,385:INFO: Starte Berechnung der Kenngrößen.
2026-07-15 15:53:27,386:INFO: Kenngrößen erfolgreich berechnet.
2026-07-15 15:53:27,387:INFO: Simulation gestartet.
2026-07-15 15:53:27,387:INFO: Eingabedaten erfolgreich geprüft.
2026-07-15 15:53:27,387:INFO: Konstanten initialisiert.
2026-07-15 15:53:27,387:INFO: Starte Glättung der GPS Daten.
2026-07-15 15:53:27,387:INFO: GPS-Daten erfolgreich geglättet.
2026-07-15 15:53:27,388:INFO: GPS-Daten geglättet.
2026-07-15 15:53:27,388:INFO: Berechne Himmelsrichtung.
2026-07-15 15:53:27,389:INFO: Himmelsrichtung erfolgreich berechnet.
2026-07-15 15:53:27,389:INFO: Himmelsrichtung berechnet.
2026-07-15 15:53:27,391:INFO: Zeitdaten berechnet.
2026-07-15 15:53:27,391:INFO: Starte Haversine-Berechnung.
2026-07-15 15:53:27,392:INFO: Haversine-Berechnung erfolgreich.
2026-07-15 15:53:27,392:INFO: Starte Haversine-Berechnung.
2026-07-15 15:53:27,393:INFO: Haversine-Berechnung erfolgreich.
2026-07-15 15:53:27,394:INFO: Strecke berechnet.
2026-07-15 15:53:27,394:INFO: Geschwindigkeit berechnet.
2026-07-15 15:53:27,395:INFO: Beschleunigung berechnet.
2026-07-15 15:53:27,396:INFO: Steigungswinkel berechnet.
2026-07-15 15:53:27,396:INFO: Luftdichte berechnet.
2026-07-15 15:53:27,398:INFO: Kräfte berechnet.
2026-07-15 15:53:27,398:INFO: Leistung berechnet.
2026-07-15 15:53:27,398:INFO: Drehmoment berechnet.
2026-07-15 15:53:27,398:INFO: Motorstrom berechnet.
2026-07-15 15:53:27,398:INFO: BatteryPack erfolgreich initialisiert.
2026-07-15 15:53:27,398:INFO: BatteryPack erfolgreich initialisiert.
2026-07-15 15:53:27,398:INFO: BatterySimulator erfolgreich initialisiert.
2026-07-15 15:53:27,398:INFO: BatterySimulator erfolgreich initialisiert.
2026-07-15 15:53:27,399:INFO: Starte Simulation des Ladezustands
2026-07-15 15:53:27,411:WARNING: Batterie ist vollständig entladen!
2026-07-15 15:53:27,436:INFO: Simulation beendet. 2284 Werte verarbeitet.
2026-07-15 15:53:27,436:INFO: Starte Simulation des Ladezustands
2026-07-15 15:53:27,447:WARNING: Batterie ist vollständig entladen!
2026-07-15 15:53:27,468:INFO: Simulation beendet. 2284 Werte verarbeitet.
2026-07-15 15:53:27,468:INFO: Starte Simulation des Ladezustands
2026-07-15 15:53:27,469:INFO: Batterie ist vollständig geladen.
2026-07-15 15:53:27,478:WARNING: Batterie ist vollständig entladen!
2026-07-15 15:53:27,503:INFO: Simulation beendet. 2284 Werte verarbeitet.
2026-07-15 15:53:27,597:INFO: Plot des Ladezustands wurde erfolgreich als 'SOC.png' gespeichert.
2026-07-15 15:53:27,689:INFO: Plot des Ladezustands wurde erfolgreich als 'SOC.png' gespeichert.
2026-07-15 15:53:27,689:INFO: Batteriesimulation abgeschlossen.
2026-07-15 15:53:27,689:INFO: Simulation erfolgreich beendet.
2026-07-15 15:53:27,690:INFO: Starte Berechnung der Kenngrößen.
2026-07-15 15:53:27,691:INFO: Kenngrößen erfolgreich berechnet.
2026-07-15 15:53:27,691:INFO: Simulation gestartet.
2026-07-15 15:53:27,691:INFO: Eingabedaten erfolgreich geprüft.
2026-07-15 15:53:27,692:INFO: Konstanten initialisiert.
2026-07-15 15:53:27,692:INFO: Starte Glättung der GPS Daten.
2026-07-15 15:53:27,692:INFO: GPS-Daten erfolgreich geglättet.
2026-07-15 15:53:27,692:INFO: GPS-Daten geglättet.
2026-07-15 15:53:27,692:INFO: Berechne Himmelsrichtung.
2026-07-15 15:53:27,694:INFO: Himmelsrichtung erfolgreich berechnet.
2026-07-15 15:53:27,694:INFO: Himmelsrichtung berechnet.
2026-07-15 15:53:27,697:INFO: Zeitdaten berechnet.
2026-07-15 15:53:27,697:INFO: Starte Haversine-Berechnung.
2026-07-15 15:53:27,698:INFO: Haversine-Berechnung erfolgreich.
2026-07-15 15:53:27,699:INFO: Starte Haversine-Berechnung.
2026-07-15 15:53:27,699:INFO: Haversine-Berechnung erfolgreich.
2026-07-15 15:53:27,700:INFO: Strecke berechnet.
2026-07-15 15:53:27,700:INFO: Geschwindigkeit berechnet.
2026-07-15 15:53:27,701:INFO: Beschleunigung berechnet.
2026-07-15 15:53:27,702:INFO: Steigungswinkel berechnet.
2026-07-15 15:53:27,702:INFO: Luftdichte berechnet.
2026-07-15 15:53:27,703:INFO: Kräfte berechnet.
2026-07-15 15:53:27,703:INFO: Leistung berechnet.
2026-07-15 15:53:27,703:INFO: Drehmoment berechnet.
2026-07-15 15:53:27,704:INFO: Motorstrom berechnet.
2026-07-15 15:53:27,704:INFO: BatteryPack erfolgreich initialisiert.
2026-07-15 15:53:27,704:INFO: BatteryPack erfolgreich initialisiert.
2026-07-15 15:53:27,704:INFO: BatterySimulator erfolgreich initialisiert.
2026-07-15 15:53:27,704:INFO: BatterySimulator erfolgreich initialisiert.
2026-07-15 15:53:27,704:INFO: Starte Simulation des Ladezustands
2026-07-15 15:53:27,713:WARNING: Batterie ist vollständig entladen!
2026-07-15 15:53:27,739:INFO: Simulation beendet. 2284 Werte verarbeitet.
2026-07-15 15:53:27,739:INFO: Starte Simulation des Ladezustands
2026-07-15 15:53:27,748:WARNING: Batterie ist vollständig entladen!
2026-07-15 15:53:27,768:INFO: Simulation beendet. 2284 Werte verarbeitet.
2026-07-15 15:53:27,768:INFO: Starte Simulation des Ladezustands
2026-07-15 15:53:27,770:INFO: Batterie ist vollständig geladen.
2026-07-15 15:53:27,779:WARNING: Batterie ist vollständig entladen!
2026-07-15 15:53:27,802:INFO: Simulation beendet. 2284 Werte verarbeitet.
2026-07-15 15:53:27,936:INFO: Plot des Ladezustands wurde erfolgreich als 'SOC.png' gespeichert.
2026-07-15 15:53:28,028:INFO: Plot des Ladezustands wurde erfolgreich als 'SOC.png' gespeichert.
2026-07-15 15:53:28,028:INFO: Batteriesimulation abgeschlossen.
2026-07-15 15:53:28,028:INFO: Simulation erfolgreich beendet.
2026-07-15 15:53:28,028:INFO: Starte Berechnung der Kenngrößen.
2026-07-15 15:53:28,029:INFO: Kenngrößen erfolgreich berechnet.
2026-07-15 15:53:28,030:INFO: Simulation gestartet.
2026-07-15 15:53:28,030:INFO: Eingabedaten erfolgreich geprüft.
2026-07-15 15:53:28,030:INFO: Konstanten initialisiert.
2026-07-15 15:53:28,030:INFO: Starte Glättung der GPS Daten.
2026-07-15 15:53:28,030:INFO: GPS-Daten erfolgreich geglättet.
2026-07-15 15:53:28,030:INFO: GPS-Daten geglättet.
2026-07-15 15:53:28,030:INFO: Berechne Himmelsrichtung.
2026-07-15 15:53:28,032:INFO: Himmelsrichtung erfolgreich berechnet.
2026-07-15 15:53:28,032:INFO: Himmelsrichtung berechnet.
2026-07-15 15:53:28,033:INFO: Zeitdaten berechnet.
2026-07-15 15:53:28,033:INFO: Starte Haversine-Berechnung.
2026-07-15 15:53:28,034:INFO: Haversine-Berechnung erfolgreich.
2026-07-15 15:53:28,034:INFO: Starte Haversine-Berechnung.
2026-07-15 15:53:28,035:INFO: Haversine-Berechnung erfolgreich.
2026-07-15 15:53:28,035:INFO: Strecke berechnet.
2026-07-15 15:53:28,036:INFO: Geschwindigkeit berechnet.
2026-07-15 15:53:28,036:INFO: Beschleunigung berechnet.
2026-07-15 15:53:28,037:INFO: Steigungswinkel berechnet.
2026-07-15 15:53:28,037:INFO: Luftdichte berechnet.
2026-07-15 15:53:28,038:INFO: Kräfte berechnet.
2026-07-15 15:53:28,038:INFO: Leistung berechnet.
2026-07-15 15:53:28,039:INFO: Drehmoment berechnet.
2026-07-15 15:53:28,039:INFO: Motorstrom berechnet.
2026-07-15 15:53:28,039:INFO: BatteryPack erfolgreich initialisiert.
2026-07-15 15:53:28,040:INFO: BatteryPack erfolgreich initialisiert.
2026-07-15 15:53:28,040:INFO: BatterySimulator erfolgreich initialisiert.
2026-07-15 15:53:28,040:INFO: BatterySimulator erfolgreich initialisiert.
2026-07-15 15:53:28,040:INFO: Starte Simulation des Ladezustands
2026-07-15 15:53:28,048:WARNING: Batterie ist vollständig entladen!
2026-07-15 15:53:28,072:INFO: Simulation beendet. 2284 Werte verarbeitet.
2026-07-15 15:53:28,072:INFO: Starte Simulation des Ladezustands
2026-07-15 15:53:28,081:WARNING: Batterie ist vollständig entladen!
2026-07-15 15:53:28,101:INFO: Simulation beendet. 2284 Werte verarbeitet.
2026-07-15 15:53:28,101:INFO: Starte Simulation des Ladezustands
2026-07-15 15:53:28,102:INFO: Batterie ist vollständig geladen.
2026-07-15 15:53:28,109:WARNING: Batterie ist vollständig entladen!
2026-07-15 15:53:28,131:INFO: Simulation beendet. 2284 Werte verarbeitet.
2026-07-15 15:53:28,217:INFO: Plot des Ladezustands wurde erfolgreich als 'SOC.png' gespeichert.
2026-07-15 15:53:28,303:INFO: Plot des Ladezustands wurde erfolgreich als 'SOC.png' gespeichert.
2026-07-15 15:53:28,304:INFO: Batteriesimulation abgeschlossen.
2026-07-15 15:53:28,304:INFO: Simulation erfolgreich beendet.
2026-07-15 15:53:28,304:INFO: Starte Berechnung der Kenngrößen.
2026-07-15 15:53:28,305:INFO: Kenngrößen erfolgreich berechnet.
2026-07-15 15:53:28,305:INFO: Simulation gestartet.
2026-07-15 15:53:28,305:INFO: Eingabedaten erfolgreich geprüft.
2026-07-15 15:53:28,305:INFO: Konstanten initialisiert.
2026-07-15 15:53:28,305:INFO: Starte Glättung der GPS Daten.
2026-07-15 15:53:28,306:INFO: GPS-Daten erfolgreich geglättet.
2026-07-15 15:53:28,306:INFO: GPS-Daten geglättet.
2026-07-15 15:53:28,306:INFO: Berechne Himmelsrichtung.
2026-07-15 15:53:28,308:INFO: Himmelsrichtung erfolgreich berechnet.
2026-07-15 15:53:28,308:INFO: Himmelsrichtung berechnet.
2026-07-15 15:53:28,310:INFO: Zeitdaten berechnet.
2026-07-15 15:53:28,310:INFO: Starte Haversine-Berechnung.
2026-07-15 15:53:28,310:INFO: Haversine-Berechnung erfolgreich.
2026-07-15 15:53:28,311:INFO: Starte Haversine-Berechnung.
2026-07-15 15:53:28,311:INFO: Haversine-Berechnung erfolgreich.
2026-07-15 15:53:28,312:INFO: Strecke berechnet.
2026-07-15 15:53:28,312:INFO: Geschwindigkeit berechnet.
2026-07-15 15:53:28,313:INFO: Beschleunigung berechnet.
2026-07-15 15:53:28,314:INFO: Steigungswinkel berechnet.
2026-07-15 15:53:28,314:INFO: Luftdichte berechnet.
2026-07-15 15:53:28,315:INFO: Kräfte berechnet.
2026-07-15 15:53:28,315:INFO: Leistung berechnet.
2026-07-15 15:53:28,315:INFO: Drehmoment berechnet.
2026-07-15 15:53:28,315:INFO: Motorstrom berechnet.
2026-07-15 15:53:28,315:INFO: BatteryPack erfolgreich initialisiert.
2026-07-15 15:53:28,315:INFO: BatteryPack erfolgreich initialisiert.
2026-07-15 15:53:28,315:INFO: BatterySimulator erfolgreich initialisiert.
2026-07-15 15:53:28,315:INFO: BatterySimulator erfolgreich initialisiert.
2026-07-15 15:53:28,315:INFO: Starte Simulation des Ladezustands
2026-07-15 15:53:28,327:WARNING: Batterie ist vollständig entladen!
2026-07-15 15:53:28,349:INFO: Simulation beendet. 2284 Werte verarbeitet.
2026-07-15 15:53:28,349:INFO: Starte Simulation des Ladezustands
2026-07-15 15:53:28,355:WARNING: Batterie ist vollständig entladen!
2026-07-15 15:53:28,378:INFO: Simulation beendet. 2284 Werte verarbeitet.
2026-07-15 15:53:28,378:INFO: Starte Simulation des Ladezustands
2026-07-15 15:53:28,381:INFO: Batterie ist vollständig geladen.
2026-07-15 15:53:28,386:WARNING: Batterie ist vollständig entladen!
2026-07-15 15:53:28,408:INFO: Simulation beendet. 2284 Werte verarbeitet.
2026-07-15 15:53:28,495:INFO: Plot des Ladezustands wurde erfolgreich als 'SOC.png' gespeichert.
2026-07-15 15:53:28,581:INFO: Plot des Ladezustands wurde erfolgreich als 'SOC.png' gespeichert.
2026-07-15 15:53:28,581:INFO: Batteriesimulation abgeschlossen.
2026-07-15 15:53:28,581:INFO: Simulation erfolgreich beendet.
2026-07-15 15:53:28,581:INFO: Starte Berechnung der Kenngrößen.
2026-07-15 15:53:28,582:INFO: Kenngrößen erfolgreich berechnet.
2026-07-15 15:53:28,582:INFO: Simulation gestartet.
2026-07-15 15:53:28,582:INFO: Eingabedaten erfolgreich geprüft.
2026-07-15 15:53:28,583:INFO: Konstanten initialisiert.
2026-07-15 15:53:28,583:INFO: Starte Glättung der GPS Daten.
2026-07-15 15:53:28,583:INFO: GPS-Daten erfolgreich geglättet.
2026-07-15 15:53:28,583:INFO: GPS-Daten geglättet.
2026-07-15 15:53:28,583:INFO: Berechne Himmelsrichtung.
2026-07-15 15:53:28,585:INFO: Himmelsrichtung erfolgreich berechnet.
2026-07-15 15:53:28,585:INFO: Himmelsrichtung berechnet.
2026-07-15 15:53:28,588:INFO: Zeitdaten berechnet.
2026-07-15 15:53:28,588:INFO: Starte Haversine-Berechnung.
2026-07-15 15:53:28,589:INFO: Haversine-Berechnung erfolgreich.
2026-07-15 15:53:28,589:INFO: Starte Haversine-Berechnung.
2026-07-15 15:53:28,590:INFO: Haversine-Berechnung erfolgreich.
2026-07-15 15:53:28,590:INFO: Strecke berechnet.
2026-07-15 15:53:28,591:INFO: Geschwindigkeit berechnet.
2026-07-15 15:53:28,591:INFO: Beschleunigung berechnet.
2026-07-15 15:53:28,592:INFO: Steigungswinkel berechnet.
2026-07-15 15:53:28,592:INFO: Luftdichte berechnet.
2026-07-15 15:53:28,593:INFO: Kräfte berechnet.
2026-07-15 15:53:28,593:INFO: Leistung berechnet.
2026-07-15 15:53:28,594:INFO: Drehmoment berechnet.
2026-07-15 15:53:28,594:INFO: Motorstrom berechnet.
2026-07-15 15:53:28,594:INFO: BatteryPack erfolgreich initialisiert.
2026-07-15 15:53:28,594:INFO: BatteryPack erfolgreich initialisiert.
2026-07-15 15:53:28,594:INFO: BatterySimulator erfolgreich initialisiert.
2026-07-15 15:53:28,594:INFO: BatterySimulator erfolgreich initialisiert.
2026-07-15 15:53:28,594:INFO: Starte Simulation des Ladezustands
2026-07-15 15:53:28,600:WARNING: Batterie ist vollständig entladen!
2026-07-15 15:53:28,625:INFO: Simulation beendet. 2284 Werte verarbeitet.
2026-07-15 15:53:28,625:INFO: Starte Simulation des Ladezustands
2026-07-15 15:53:28,631:WARNING: Batterie ist vollständig entladen!
2026-07-15 15:53:28,654:INFO: Simulation beendet. 2284 Werte verarbeitet.
2026-07-15 15:53:28,654:INFO: Starte Simulation des Ladezustands
2026-07-15 15:53:28,656:INFO: Batterie ist vollständig geladen.
2026-07-15 15:53:28,661:WARNING: Batterie ist vollständig entladen!
2026-07-15 15:53:28,683:INFO: Simulation beendet. 2284 Werte verarbeitet.
2026-07-15 15:53:28,770:INFO: Plot des Ladezustands wurde erfolgreich als 'SOC.png' gespeichert.
2026-07-15 15:53:28,852:INFO: Plot des Ladezustands wurde erfolgreich als 'SOC.png' gespeichert.
2026-07-15 15:53:28,852:INFO: Batteriesimulation abgeschlossen.
2026-07-15 15:53:28,852:INFO: Simulation erfolgreich beendet.
2026-07-15 15:53:28,853:INFO: Starte Berechnung der Kenngrößen.
2026-07-15 15:53:28,853:INFO: Kenngrößen erfolgreich berechnet.
2026-07-15 15:53:29,003:INFO: Parameterstudie erfolgreich abgeschlossen.
2026-07-15 15:53:29,004:INFO: Starte Parameterstudie für 'r_inch'.
2026-07-15 15:53:29,004:INFO: Simulation gestartet.
2026-07-15 15:53:29,004:INFO: Eingabedaten erfolgreich geprüft.
2026-07-15 15:53:29,004:INFO: Konstanten initialisiert.
2026-07-15 15:53:29,004:INFO: Starte Glättung der GPS Daten.
2026-07-15 15:53:29,005:INFO: GPS-Daten erfolgreich geglättet.
2026-07-15 15:53:29,005:INFO: GPS-Daten geglättet.
2026-07-15 15:53:29,005:INFO: Berechne Himmelsrichtung.
2026-07-15 15:53:29,007:INFO: Himmelsrichtung erfolgreich berechnet.
2026-07-15 15:53:29,007:INFO: Himmelsrichtung berechnet.
2026-07-15 15:53:29,019:INFO: Zeitdaten berechnet.
2026-07-15 15:53:29,019:INFO: Starte Haversine-Berechnung.
2026-07-15 15:53:29,020:INFO: Haversine-Berechnung erfolgreich.
2026-07-15 15:53:29,020:INFO: Starte Haversine-Berechnung.
2026-07-15 15:53:29,021:INFO: Haversine-Berechnung erfolgreich.
2026-07-15 15:53:29,021:INFO: Strecke berechnet.
2026-07-15 15:53:29,022:INFO: Geschwindigkeit berechnet.
2026-07-15 15:53:29,023:INFO: Beschleunigung berechnet.
2026-07-15 15:53:29,024:INFO: Steigungswinkel berechnet.
2026-07-15 15:53:29,024:INFO: Luftdichte berechnet.
2026-07-15 15:53:29,025:INFO: Kräfte berechnet.
2026-07-15 15:53:29,025:INFO: Leistung berechnet.
2026-07-15 15:53:29,025:INFO: Drehmoment berechnet.
2026-07-15 15:53:29,025:INFO: Motorstrom berechnet.
2026-07-15 15:53:29,025:INFO: BatteryPack erfolgreich initialisiert.
2026-07-15 15:53:29,025:INFO: BatteryPack erfolgreich initialisiert.
2026-07-15 15:53:29,026:INFO: BatterySimulator erfolgreich initialisiert.
2026-07-15 15:53:29,026:INFO: BatterySimulator erfolgreich initialisiert.
2026-07-15 15:53:29,026:INFO: Starte Simulation des Ladezustands
2026-07-15 15:53:29,054:INFO: Simulation beendet. 2284 Werte verarbeitet.
2026-07-15 15:53:29,054:INFO: Starte Simulation des Ladezustands
2026-07-15 15:53:29,082:INFO: Simulation beendet. 2284 Werte verarbeitet.
2026-07-15 15:53:29,083:INFO: Starte Simulation des Ladezustands
2026-07-15 15:53:29,084:INFO: Batterie ist vollständig geladen.
2026-07-15 15:53:29,111:INFO: Simulation beendet. 2284 Werte verarbeitet.
2026-07-15 15:53:29,191:INFO: Plot des Ladezustands wurde erfolgreich als 'SOC.png' gespeichert.
2026-07-15 15:53:29,275:INFO: Plot des Ladezustands wurde erfolgreich als 'SOC.png' gespeichert.
2026-07-15 15:53:29,276:INFO: Batteriesimulation abgeschlossen.
2026-07-15 15:53:29,276:INFO: Simulation erfolgreich beendet.
2026-07-15 15:53:29,276:INFO: Starte Berechnung der Kenngrößen.
2026-07-15 15:53:29,277:INFO: Kenngrößen erfolgreich berechnet.
2026-07-15 15:53:29,277:INFO: Simulation gestartet.
2026-07-15 15:53:29,277:INFO: Eingabedaten erfolgreich geprüft.
2026-07-15 15:53:29,277:INFO: Konstanten initialisiert.
2026-07-15 15:53:29,277:INFO: Starte Glättung der GPS Daten.
2026-07-15 15:53:29,278:INFO: GPS-Daten erfolgreich geglättet.
2026-07-15 15:53:29,278:INFO: GPS-Daten geglättet.
2026-07-15 15:53:29,278:INFO: Berechne Himmelsrichtung.
2026-07-15 15:53:29,279:INFO: Himmelsrichtung erfolgreich berechnet.
2026-07-15 15:53:29,279:INFO: Himmelsrichtung berechnet.
2026-07-15 15:53:29,280:INFO: Zeitdaten berechnet.
2026-07-15 15:53:29,281:INFO: Starte Haversine-Berechnung.
2026-07-15 15:53:29,282:INFO: Haversine-Berechnung erfolgreich.
2026-07-15 15:53:29,283:INFO: Starte Haversine-Berechnung.
2026-07-15 15:53:29,283:INFO: Haversine-Berechnung erfolgreich.
2026-07-15 15:53:29,284:INFO: Strecke berechnet.
2026-07-15 15:53:29,285:INFO: Geschwindigkeit berechnet.
2026-07-15 15:53:29,285:INFO: Beschleunigung berechnet.
2026-07-15 15:53:29,287:INFO: Steigungswinkel berechnet.
2026-07-15 15:53:29,287:INFO: Luftdichte berechnet.
2026-07-15 15:53:29,288:INFO: Kräfte berechnet.
2026-07-15 15:53:29,289:INFO: Leistung berechnet.
2026-07-15 15:53:29,289:INFO: Drehmoment berechnet.
2026-07-15 15:53:29,290:INFO: Motorstrom berechnet.
2026-07-15 15:53:29,290:INFO: BatteryPack erfolgreich initialisiert.
2026-07-15 15:53:29,290:INFO: BatteryPack erfolgreich initialisiert.
2026-07-15 15:53:29,290:INFO: BatterySimulator erfolgreich initialisiert.
2026-07-15 15:53:29,290:INFO: BatterySimulator erfolgreich initialisiert.
2026-07-15 15:53:29,290:INFO: Starte Simulation des Ladezustands
2026-07-15 15:53:29,317:INFO: Simulation beendet. 2284 Werte verarbeitet.
2026-07-15 15:53:29,317:INFO: Starte Simulation des Ladezustands
2026-07-15 15:53:29,344:INFO: Simulation beendet. 2284 Werte verarbeitet.
2026-07-15 15:53:29,344:INFO: Starte Simulation des Ladezustands
2026-07-15 15:53:29,345:INFO: Batterie ist vollständig geladen.
2026-07-15 15:53:29,371:INFO: Simulation beendet. 2284 Werte verarbeitet.
2026-07-15 15:53:29,448:INFO: Plot des Ladezustands wurde erfolgreich als 'SOC.png' gespeichert.
2026-07-15 15:53:29,526:INFO: Plot des Ladezustands wurde erfolgreich als 'SOC.png' gespeichert.
2026-07-15 15:53:29,526:INFO: Batteriesimulation abgeschlossen.
2026-07-15 15:53:29,526:INFO: Simulation erfolgreich beendet.
2026-07-15 15:53:29,526:INFO: Starte Berechnung der Kenngrößen.
2026-07-15 15:53:29,527:INFO: Kenngrößen erfolgreich berechnet.
2026-07-15 15:53:29,527:INFO: Simulation gestartet.
2026-07-15 15:53:29,527:INFO: Eingabedaten erfolgreich geprüft.
2026-07-15 15:53:29,527:INFO: Konstanten initialisiert.
2026-07-15 15:53:29,527:INFO: Starte Glättung der GPS Daten.
2026-07-15 15:53:29,528:INFO: GPS-Daten erfolgreich geglättet.
2026-07-15 15:53:29,528:INFO: GPS-Daten geglättet.
2026-07-15 15:53:29,528:INFO: Berechne Himmelsrichtung.
2026-07-15 15:53:29,529:INFO: Himmelsrichtung erfolgreich berechnet.
2026-07-15 15:53:29,530:INFO: Himmelsrichtung berechnet.
2026-07-15 15:53:29,531:INFO: Zeitdaten berechnet.
2026-07-15 15:53:29,531:INFO: Starte Haversine-Berechnung.
2026-07-15 15:53:29,533:INFO: Haversine-Berechnung erfolgreich.
2026-07-15 15:53:29,533:INFO: Starte Haversine-Berechnung.
2026-07-15 15:53:29,534:INFO: Haversine-Berechnung erfolgreich.
2026-07-15 15:53:29,534:INFO: Strecke berechnet.
2026-07-15 15:53:29,535:INFO: Geschwindigkeit berechnet.
2026-07-15 15:53:29,536:INFO: Beschleunigung berechnet.
2026-07-15 15:53:29,538:INFO: Steigungswinkel berechnet.
2026-07-15 15:53:29,539:INFO: Luftdichte berechnet.
2026-07-15 15:53:29,540:INFO: Kräfte berechnet.
2026-07-15 15:53:29,540:INFO: Leistung berechnet.
2026-07-15 15:53:29,540:INFO: Drehmoment berechnet.
2026-07-15 15:53:29,540:INFO: Motorstrom berechnet.
2026-07-15 15:53:29,540:INFO: BatteryPack erfolgreich initialisiert.
2026-07-15 15:53:29,541:INFO: BatteryPack erfolgreich initialisiert.
2026-07-15 15:53:29,541:INFO: BatterySimulator erfolgreich initialisiert.
2026-07-15 15:53:29,541:INFO: BatterySimulator erfolgreich initialisiert.
2026-07-15 15:53:29,541:INFO: Starte Simulation des Ladezustands
2026-07-15 15:53:29,567:INFO: Simulation beendet. 2284 Werte verarbeitet.
2026-07-15 15:53:29,567:INFO: Starte Simulation des Ladezustands
2026-07-15 15:53:29,596:INFO: Simulation beendet. 2284 Werte verarbeitet.
2026-07-15 15:53:29,596:INFO: Starte Simulation des Ladezustands
2026-07-15 15:53:29,598:INFO: Batterie ist vollständig geladen.
2026-07-15 15:53:29,625:INFO: Simulation beendet. 2284 Werte verarbeitet.
2026-07-15 15:53:29,703:INFO: Plot des Ladezustands wurde erfolgreich als 'SOC.png' gespeichert.
2026-07-15 15:53:29,787:INFO: Plot des Ladezustands wurde erfolgreich als 'SOC.png' gespeichert.
2026-07-15 15:53:29,787:INFO: Batteriesimulation abgeschlossen.
2026-07-15 15:53:29,787:INFO: Simulation erfolgreich beendet.
2026-07-15 15:53:29,787:INFO: Starte Berechnung der Kenngrößen.
2026-07-15 15:53:29,788:INFO: Kenngrößen erfolgreich berechnet.
2026-07-15 15:53:29,788:INFO: Simulation gestartet.
2026-07-15 15:53:29,789:INFO: Eingabedaten erfolgreich geprüft.
2026-07-15 15:53:29,789:INFO: Konstanten initialisiert.
2026-07-15 15:53:29,789:INFO: Starte Glättung der GPS Daten.
2026-07-15 15:53:29,789:INFO: GPS-Daten erfolgreich geglättet.
2026-07-15 15:53:29,789:INFO: GPS-Daten geglättet.
2026-07-15 15:53:29,789:INFO: Berechne Himmelsrichtung.
2026-07-15 15:53:29,791:INFO: Himmelsrichtung erfolgreich berechnet.
2026-07-15 15:53:29,791:INFO: Himmelsrichtung berechnet.
2026-07-15 15:53:29,793:INFO: Zeitdaten berechnet.
2026-07-15 15:53:29,793:INFO: Starte Haversine-Berechnung.
2026-07-15 15:53:29,793:INFO: Haversine-Berechnung erfolgreich.
2026-07-15 15:53:29,794:INFO: Starte Haversine-Berechnung.
2026-07-15 15:53:29,794:INFO: Haversine-Berechnung erfolgreich.
2026-07-15 15:53:29,795:INFO: Strecke berechnet.
2026-07-15 15:53:29,795:INFO: Geschwindigkeit berechnet.
2026-07-15 15:53:29,796:INFO: Beschleunigung berechnet.
2026-07-15 15:53:29,797:INFO: Steigungswinkel berechnet.
2026-07-15 15:53:29,797:INFO: Luftdichte berechnet.
2026-07-15 15:53:29,798:INFO: Kräfte berechnet.
2026-07-15 15:53:29,798:INFO: Leistung berechnet.
2026-07-15 15:53:29,798:INFO: Drehmoment berechnet.
2026-07-15 15:53:29,799:INFO: Motorstrom berechnet.
2026-07-15 15:53:29,799:INFO: BatteryPack erfolgreich initialisiert.
2026-07-15 15:53:29,799:INFO: BatteryPack erfolgreich initialisiert.
2026-07-15 15:53:29,799:INFO: BatterySimulator erfolgreich initialisiert.
2026-07-15 15:53:29,799:INFO: BatterySimulator erfolgreich initialisiert.
2026-07-15 15:53:29,799:INFO: Starte Simulation des Ladezustands
2026-07-15 15:53:29,828:INFO: Simulation beendet. 2284 Werte verarbeitet.
2026-07-15 15:53:29,828:INFO: Starte Simulation des Ladezustands
2026-07-15 15:53:29,855:INFO: Simulation beendet. 2284 Werte verarbeitet.
2026-07-15 15:53:29,855:INFO: Starte Simulation des Ladezustands
2026-07-15 15:53:29,856:INFO: Batterie ist vollständig geladen.
2026-07-15 15:53:29,882:INFO: Simulation beendet. 2284 Werte verarbeitet.
2026-07-15 15:53:29,960:INFO: Plot des Ladezustands wurde erfolgreich als 'SOC.png' gespeichert.
2026-07-15 15:53:30,040:INFO: Plot des Ladezustands wurde erfolgreich als 'SOC.png' gespeichert.
2026-07-15 15:53:30,040:INFO: Batteriesimulation abgeschlossen.
2026-07-15 15:53:30,040:INFO: Simulation erfolgreich beendet.
2026-07-15 15:53:30,040:INFO: Starte Berechnung der Kenngrößen.
2026-07-15 15:53:30,041:INFO: Kenngrößen erfolgreich berechnet.
2026-07-15 15:53:30,042:INFO: Simulation gestartet.
2026-07-15 15:53:30,042:INFO: Eingabedaten erfolgreich geprüft.
2026-07-15 15:53:30,042:INFO: Konstanten initialisiert.
2026-07-15 15:53:30,042:INFO: Starte Glättung der GPS Daten.
2026-07-15 15:53:30,042:INFO: GPS-Daten erfolgreich geglättet.
2026-07-15 15:53:30,042:INFO: GPS-Daten geglättet.
2026-07-15 15:53:30,042:INFO: Berechne Himmelsrichtung.
2026-07-15 15:53:30,044:INFO: Himmelsrichtung erfolgreich berechnet.
2026-07-15 15:53:30,044:INFO: Himmelsrichtung berechnet.
2026-07-15 15:53:30,045:INFO: Zeitdaten berechnet.
2026-07-15 15:53:30,045:INFO: Starte Haversine-Berechnung.
2026-07-15 15:53:30,046:INFO: Haversine-Berechnung erfolgreich.
2026-07-15 15:53:30,046:INFO: Starte Haversine-Berechnung.
2026-07-15 15:53:30,047:INFO: Haversine-Berechnung erfolgreich.
2026-07-15 15:53:30,047:INFO: Strecke berechnet.
2026-07-15 15:53:30,048:INFO: Geschwindigkeit berechnet.
2026-07-15 15:53:30,050:INFO: Beschleunigung berechnet.
2026-07-15 15:53:30,051:INFO: Steigungswinkel berechnet.
2026-07-15 15:53:30,051:INFO: Luftdichte berechnet.
2026-07-15 15:53:30,052:INFO: Kräfte berechnet.
2026-07-15 15:53:30,052:INFO: Leistung berechnet.
2026-07-15 15:53:30,053:INFO: Drehmoment berechnet.
2026-07-15 15:53:30,053:INFO: Motorstrom berechnet.
2026-07-15 15:53:30,053:INFO: BatteryPack erfolgreich initialisiert.
2026-07-15 15:53:30,053:INFO: BatteryPack erfolgreich initialisiert.
2026-07-15 15:53:30,053:INFO: BatterySimulator erfolgreich initialisiert.
2026-07-15 15:53:30,053:INFO: BatterySimulator erfolgreich initialisiert.
2026-07-15 15:53:30,053:INFO: Starte Simulation des Ladezustands
2026-07-15 15:53:30,079:INFO: Simulation beendet. 2284 Werte verarbeitet.
2026-07-15 15:53:30,079:INFO: Starte Simulation des Ladezustands
2026-07-15 15:53:30,106:INFO: Simulation beendet. 2284 Werte verarbeitet.
2026-07-15 15:53:30,106:INFO: Starte Simulation des Ladezustands
2026-07-15 15:53:30,108:INFO: Batterie ist vollständig geladen.
2026-07-15 15:53:30,133:INFO: Simulation beendet. 2284 Werte verarbeitet.
2026-07-15 15:53:30,210:INFO: Plot des Ladezustands wurde erfolgreich als 'SOC.png' gespeichert.
2026-07-15 15:53:30,291:INFO: Plot des Ladezustands wurde erfolgreich als 'SOC.png' gespeichert.
2026-07-15 15:53:30,291:INFO: Batteriesimulation abgeschlossen.
2026-07-15 15:53:30,291:INFO: Simulation erfolgreich beendet.
2026-07-15 15:53:30,291:INFO: Starte Berechnung der Kenngrößen.
2026-07-15 15:53:30,292:INFO: Kenngrößen erfolgreich berechnet.
2026-07-15 15:53:30,292:INFO: Simulation gestartet.
2026-07-15 15:53:30,292:INFO: Eingabedaten erfolgreich geprüft.
2026-07-15 15:53:30,292:INFO: Konstanten initialisiert.
2026-07-15 15:53:30,292:INFO: Starte Glättung der GPS Daten.
2026-07-15 15:53:30,293:INFO: GPS-Daten erfolgreich geglättet.
2026-07-15 15:53:30,293:INFO: GPS-Daten geglättet.
2026-07-15 15:53:30,293:INFO: Berechne Himmelsrichtung.
2026-07-15 15:53:30,294:INFO: Himmelsrichtung erfolgreich berechnet.
2026-07-15 15:53:30,294:INFO: Himmelsrichtung berechnet.
2026-07-15 15:53:30,295:INFO: Zeitdaten berechnet.
2026-07-15 15:53:30,296:INFO: Starte Haversine-Berechnung.
2026-07-15 15:53:30,296:INFO: Haversine-Berechnung erfolgreich.
2026-07-15 15:53:30,297:INFO: Starte Haversine-Berechnung.
2026-07-15 15:53:30,297:INFO: Haversine-Berechnung erfolgreich.
2026-07-15 15:53:30,298:INFO: Strecke berechnet.
2026-07-15 15:53:30,299:INFO: Geschwindigkeit berechnet.
2026-07-15 15:53:30,300:INFO: Beschleunigung berechnet.
2026-07-15 15:53:30,301:INFO: Steigungswinkel berechnet.
2026-07-15 15:53:30,301:INFO: Luftdichte berechnet.
2026-07-15 15:53:30,303:INFO: Kräfte berechnet.
2026-07-15 15:53:30,303:INFO: Leistung berechnet.
2026-07-15 15:53:30,303:INFO: Drehmoment berechnet.
2026-07-15 15:53:30,304:INFO: Motorstrom berechnet.
2026-07-15 15:53:30,304:INFO: BatteryPack erfolgreich initialisiert.
2026-07-15 15:53:30,304:INFO: BatteryPack erfolgreich initialisiert.
2026-07-15 15:53:30,304:INFO: BatterySimulator erfolgreich initialisiert.
2026-07-15 15:53:30,304:INFO: BatterySimulator erfolgreich initialisiert.
2026-07-15 15:53:30,304:INFO: Starte Simulation des Ladezustands
2026-07-15 15:53:30,331:INFO: Simulation beendet. 2284 Werte verarbeitet.
2026-07-15 15:53:30,331:INFO: Starte Simulation des Ladezustands
2026-07-15 15:53:30,358:INFO: Simulation beendet. 2284 Werte verarbeitet.
2026-07-15 15:53:30,359:INFO: Starte Simulation des Ladezustands
2026-07-15 15:53:30,360:INFO: Batterie ist vollständig geladen.
2026-07-15 15:53:30,387:INFO: Simulation beendet. 2284 Werte verarbeitet.
2026-07-15 15:53:30,466:INFO: Plot des Ladezustands wurde erfolgreich als 'SOC.png' gespeichert.
2026-07-15 15:53:30,546:INFO: Plot des Ladezustands wurde erfolgreich als 'SOC.png' gespeichert.
2026-07-15 15:53:30,547:INFO: Batteriesimulation abgeschlossen.
2026-07-15 15:53:30,547:INFO: Simulation erfolgreich beendet.
2026-07-15 15:53:30,547:INFO: Starte Berechnung der Kenngrößen.
2026-07-15 15:53:30,548:INFO: Kenngrößen erfolgreich berechnet.
2026-07-15 15:53:30,548:INFO: Simulation gestartet.
2026-07-15 15:53:30,548:INFO: Eingabedaten erfolgreich geprüft.
2026-07-15 15:53:30,548:INFO: Konstanten initialisiert.
2026-07-15 15:53:30,548:INFO: Starte Glättung der GPS Daten.
2026-07-15 15:53:30,549:INFO: GPS-Daten erfolgreich geglättet.
2026-07-15 15:53:30,549:INFO: GPS-Daten geglättet.
2026-07-15 15:53:30,549:INFO: Berechne Himmelsrichtung.
2026-07-15 15:53:30,550:INFO: Himmelsrichtung erfolgreich berechnet.
2026-07-15 15:53:30,550:INFO: Himmelsrichtung berechnet.
2026-07-15 15:53:30,551:INFO: Zeitdaten berechnet.
2026-07-15 15:53:30,552:INFO: Starte Haversine-Berechnung.
2026-07-15 15:53:30,552:INFO: Haversine-Berechnung erfolgreich.
2026-07-15 15:53:30,553:INFO: Starte Haversine-Berechnung.
2026-07-15 15:53:30,553:INFO: Haversine-Berechnung erfolgreich.
2026-07-15 15:53:30,553:INFO: Strecke berechnet.
2026-07-15 15:53:30,554:INFO: Geschwindigkeit berechnet.
2026-07-15 15:53:30,555:INFO: Beschleunigung berechnet.
2026-07-15 15:53:30,555:INFO: Steigungswinkel berechnet.
2026-07-15 15:53:30,556:INFO: Luftdichte berechnet.
2026-07-15 15:53:30,556:INFO: Kräfte berechnet.
2026-07-15 15:53:30,557:INFO: Leistung berechnet.
2026-07-15 15:53:30,557:INFO: Drehmoment berechnet.
2026-07-15 15:53:30,557:INFO: Motorstrom berechnet.
2026-07-15 15:53:30,557:INFO: BatteryPack erfolgreich initialisiert.
2026-07-15 15:53:30,557:INFO: BatteryPack erfolgreich initialisiert.
2026-07-15 15:53:30,557:INFO: BatterySimulator erfolgreich initialisiert.
2026-07-15 15:53:30,557:INFO: BatterySimulator erfolgreich initialisiert.
2026-07-15 15:53:30,557:INFO: Starte Simulation des Ladezustands
2026-07-15 15:53:30,585:WARNING: Batterie ist vollständig entladen!
2026-07-15 15:53:30,587:INFO: Simulation beendet. 2284 Werte verarbeitet.
2026-07-15 15:53:30,587:INFO: Starte Simulation des Ladezustands
2026-07-15 15:53:30,614:WARNING: Batterie ist vollständig entladen!
2026-07-15 15:53:30,615:INFO: Simulation beendet. 2284 Werte verarbeitet.
2026-07-15 15:53:30,615:INFO: Starte Simulation des Ladezustands
2026-07-15 15:53:30,616:INFO: Batterie ist vollständig geladen.
2026-07-15 15:53:30,642:WARNING: Batterie ist vollständig entladen!
2026-07-15 15:53:30,643:INFO: Simulation beendet. 2284 Werte verarbeitet.
2026-07-15 15:53:30,721:INFO: Plot des Ladezustands wurde erfolgreich als 'SOC.png' gespeichert.
2026-07-15 15:53:30,802:INFO: Plot des Ladezustands wurde erfolgreich als 'SOC.png' gespeichert.
2026-07-15 15:53:30,802:INFO: Batteriesimulation abgeschlossen.
2026-07-15 15:53:30,802:INFO: Simulation erfolgreich beendet.
2026-07-15 15:53:30,802:INFO: Starte Berechnung der Kenngrößen.
2026-07-15 15:53:30,803:INFO: Kenngrößen erfolgreich berechnet.
2026-07-15 15:53:30,803:INFO: Simulation gestartet.
2026-07-15 15:53:30,803:INFO: Eingabedaten erfolgreich geprüft.
2026-07-15 15:53:30,803:INFO: Konstanten initialisiert.
2026-07-15 15:53:30,803:INFO: Starte Glättung der GPS Daten.
2026-07-15 15:53:30,804:INFO: GPS-Daten erfolgreich geglättet.
2026-07-15 15:53:30,804:INFO: GPS-Daten geglättet.
2026-07-15 15:53:30,804:INFO: Berechne Himmelsrichtung.
2026-07-15 15:53:30,805:INFO: Himmelsrichtung erfolgreich berechnet.
2026-07-15 15:53:30,805:INFO: Himmelsrichtung berechnet.
2026-07-15 15:53:30,807:INFO: Zeitdaten berechnet.
2026-07-15 15:53:30,807:INFO: Starte Haversine-Berechnung.
2026-07-15 15:53:30,808:INFO: Haversine-Berechnung erfolgreich.
2026-07-15 15:53:30,809:INFO: Starte Haversine-Berechnung.
2026-07-15 15:53:30,809:INFO: Haversine-Berechnung erfolgreich.
2026-07-15 15:53:30,809:INFO: Strecke berechnet.
2026-07-15 15:53:30,810:INFO: Geschwindigkeit berechnet.
2026-07-15 15:53:30,811:INFO: Beschleunigung berechnet.
2026-07-15 15:53:30,812:INFO: Steigungswinkel berechnet.
2026-07-15 15:53:30,812:INFO: Luftdichte berechnet.
2026-07-15 15:53:30,813:INFO: Kräfte berechnet.
2026-07-15 15:53:30,813:INFO: Leistung berechnet.
2026-07-15 15:53:30,815:INFO: Drehmoment berechnet.
2026-07-15 15:53:30,815:INFO: Motorstrom berechnet.
2026-07-15 15:53:30,816:INFO: BatteryPack erfolgreich initialisiert.
2026-07-15 15:53:30,816:INFO: BatteryPack erfolgreich initialisiert.
2026-07-15 15:53:30,816:INFO: BatterySimulator erfolgreich initialisiert.
2026-07-15 15:53:30,816:INFO: BatterySimulator erfolgreich initialisiert.
2026-07-15 15:53:30,816:INFO: Starte Simulation des Ladezustands
2026-07-15 15:53:30,841:WARNING: Batterie ist vollständig entladen!
2026-07-15 15:53:30,843:INFO: Simulation beendet. 2284 Werte verarbeitet.
2026-07-15 15:53:30,843:INFO: Starte Simulation des Ladezustands
2026-07-15 15:53:30,870:WARNING: Batterie ist vollständig entladen!
2026-07-15 15:53:30,871:INFO: Simulation beendet. 2284 Werte verarbeitet.
2026-07-15 15:53:30,872:INFO: Starte Simulation des Ladezustands
2026-07-15 15:53:30,900:INFO: Batterie ist vollständig geladen.
2026-07-15 15:53:30,924:WARNING: Batterie ist vollständig entladen!
2026-07-15 15:53:30,926:INFO: Simulation beendet. 2284 Werte verarbeitet.
2026-07-15 15:53:31,003:INFO: Plot des Ladezustands wurde erfolgreich als 'SOC.png' gespeichert.
2026-07-15 15:53:31,083:INFO: Plot des Ladezustands wurde erfolgreich als 'SOC.png' gespeichert.
2026-07-15 15:53:31,083:INFO: Batteriesimulation abgeschlossen.
2026-07-15 15:53:31,083:INFO: Simulation erfolgreich beendet.
2026-07-15 15:53:31,083:INFO: Starte Berechnung der Kenngrößen.
2026-07-15 15:53:31,084:INFO: Kenngrößen erfolgreich berechnet.
2026-07-15 15:53:31,085:INFO: Simulation gestartet.
2026-07-15 15:53:31,085:INFO: Eingabedaten erfolgreich geprüft.
2026-07-15 15:53:31,085:INFO: Konstanten initialisiert.
2026-07-15 15:53:31,085:INFO: Starte Glättung der GPS Daten.
2026-07-15 15:53:31,085:INFO: GPS-Daten erfolgreich geglättet.
2026-07-15 15:53:31,085:INFO: GPS-Daten geglättet.
2026-07-15 15:53:31,085:INFO: Berechne Himmelsrichtung.
2026-07-15 15:53:31,087:INFO: Himmelsrichtung erfolgreich berechnet.
2026-07-15 15:53:31,087:INFO: Himmelsrichtung berechnet.
2026-07-15 15:53:31,088:INFO: Zeitdaten berechnet.
2026-07-15 15:53:31,088:INFO: Starte Haversine-Berechnung.
2026-07-15 15:53:31,089:INFO: Haversine-Berechnung erfolgreich.
2026-07-15 15:53:31,089:INFO: Starte Haversine-Berechnung.
2026-07-15 15:53:31,090:INFO: Haversine-Berechnung erfolgreich.
2026-07-15 15:53:31,090:INFO: Strecke berechnet.
2026-07-15 15:53:31,091:INFO: Geschwindigkeit berechnet.
2026-07-15 15:53:31,092:INFO: Beschleunigung berechnet.
2026-07-15 15:53:31,093:INFO: Steigungswinkel berechnet.
2026-07-15 15:53:31,093:INFO: Luftdichte berechnet.
2026-07-15 15:53:31,094:INFO: Kräfte berechnet.
2026-07-15 15:53:31,095:INFO: Leistung berechnet.
2026-07-15 15:53:31,095:INFO: Drehmoment berechnet.
2026-07-15 15:53:31,095:INFO: Motorstrom berechnet.
2026-07-15 15:53:31,095:INFO: BatteryPack erfolgreich initialisiert.
2026-07-15 15:53:31,095:INFO: BatteryPack erfolgreich initialisiert.
2026-07-15 15:53:31,095:INFO: BatterySimulator erfolgreich initialisiert.
2026-07-15 15:53:31,095:INFO: BatterySimulator erfolgreich initialisiert.
2026-07-15 15:53:31,095:INFO: Starte Simulation des Ladezustands
2026-07-15 15:53:31,121:WARNING: Batterie ist vollständig entladen!
2026-07-15 15:53:31,124:INFO: Simulation beendet. 2284 Werte verarbeitet.
2026-07-15 15:53:31,124:INFO: Starte Simulation des Ladezustands
2026-07-15 15:53:31,148:WARNING: Batterie ist vollständig entladen!
2026-07-15 15:53:31,150:INFO: Simulation beendet. 2284 Werte verarbeitet.
2026-07-15 15:53:31,150:INFO: Starte Simulation des Ladezustands
2026-07-15 15:53:31,152:INFO: Batterie ist vollständig geladen.
2026-07-15 15:53:31,176:WARNING: Batterie ist vollständig entladen!
2026-07-15 15:53:31,178:INFO: Simulation beendet. 2284 Werte verarbeitet.
2026-07-15 15:53:31,259:INFO: Plot des Ladezustands wurde erfolgreich als 'SOC.png' gespeichert.
2026-07-15 15:53:31,341:INFO: Plot des Ladezustands wurde erfolgreich als 'SOC.png' gespeichert.
2026-07-15 15:53:31,341:INFO: Batteriesimulation abgeschlossen.
2026-07-15 15:53:31,342:INFO: Simulation erfolgreich beendet.
2026-07-15 15:53:31,342:INFO: Starte Berechnung der Kenngrößen.
2026-07-15 15:53:31,346:INFO: Kenngrößen erfolgreich berechnet.
2026-07-15 15:53:31,347:INFO: Simulation gestartet.
2026-07-15 15:53:31,347:INFO: Eingabedaten erfolgreich geprüft.
2026-07-15 15:53:31,347:INFO: Konstanten initialisiert.
2026-07-15 15:53:31,347:INFO: Starte Glättung der GPS Daten.
2026-07-15 15:53:31,348:INFO: GPS-Daten erfolgreich geglättet.
2026-07-15 15:53:31,348:INFO: GPS-Daten geglättet.
2026-07-15 15:53:31,348:INFO: Berechne Himmelsrichtung.
2026-07-15 15:53:31,349:INFO: Himmelsrichtung erfolgreich berechnet.
2026-07-15 15:53:31,349:INFO: Himmelsrichtung berechnet.
2026-07-15 15:53:31,350:INFO: Zeitdaten berechnet.
2026-07-15 15:53:31,351:INFO: Starte Haversine-Berechnung.
2026-07-15 15:53:31,351:INFO: Haversine-Berechnung erfolgreich.
2026-07-15 15:53:31,352:INFO: Starte Haversine-Berechnung.
2026-07-15 15:53:31,352:INFO: Haversine-Berechnung erfolgreich.
2026-07-15 15:53:31,352:INFO: Strecke berechnet.
2026-07-15 15:53:31,353:INFO: Geschwindigkeit berechnet.
2026-07-15 15:53:31,354:INFO: Beschleunigung berechnet.
2026-07-15 15:53:31,354:INFO: Steigungswinkel berechnet.
2026-07-15 15:53:31,355:INFO: Luftdichte berechnet.
2026-07-15 15:53:31,355:INFO: Kräfte berechnet.
2026-07-15 15:53:31,356:INFO: Leistung berechnet.
2026-07-15 15:53:31,356:INFO: Drehmoment berechnet.
2026-07-15 15:53:31,356:INFO: Motorstrom berechnet.
2026-07-15 15:53:31,356:INFO: BatteryPack erfolgreich initialisiert.
2026-07-15 15:53:31,356:INFO: BatteryPack erfolgreich initialisiert.
2026-07-15 15:53:31,356:INFO: BatterySimulator erfolgreich initialisiert.
2026-07-15 15:53:31,356:INFO: BatterySimulator erfolgreich initialisiert.
2026-07-15 15:53:31,357:INFO: Starte Simulation des Ladezustands
2026-07-15 15:53:31,381:WARNING: Batterie ist vollständig entladen!
2026-07-15 15:53:31,385:INFO: Simulation beendet. 2284 Werte verarbeitet.
2026-07-15 15:53:31,385:INFO: Starte Simulation des Ladezustands
2026-07-15 15:53:31,416:WARNING: Batterie ist vollständig entladen!
2026-07-15 15:53:31,420:INFO: Simulation beendet. 2284 Werte verarbeitet.
2026-07-15 15:53:31,420:INFO: Starte Simulation des Ladezustands
2026-07-15 15:53:31,421:INFO: Batterie ist vollständig geladen.
2026-07-15 15:53:31,443:WARNING: Batterie ist vollständig entladen!
2026-07-15 15:53:31,446:INFO: Simulation beendet. 2284 Werte verarbeitet.
2026-07-15 15:53:31,536:INFO: Plot des Ladezustands wurde erfolgreich als 'SOC.png' gespeichert.
2026-07-15 15:53:31,615:INFO: Plot des Ladezustands wurde erfolgreich als 'SOC.png' gespeichert.
2026-07-15 15:53:31,615:INFO: Batteriesimulation abgeschlossen.
2026-07-15 15:53:31,615:INFO: Simulation erfolgreich beendet.
2026-07-15 15:53:31,615:INFO: Starte Berechnung der Kenngrößen.
2026-07-15 15:53:31,616:INFO: Kenngrößen erfolgreich berechnet.
2026-07-15 15:53:31,617:INFO: Simulation gestartet.
2026-07-15 15:53:31,617:INFO: Eingabedaten erfolgreich geprüft.
2026-07-15 15:53:31,617:INFO: Konstanten initialisiert.
2026-07-15 15:53:31,617:INFO: Starte Glättung der GPS Daten.
2026-07-15 15:53:31,617:INFO: GPS-Daten erfolgreich geglättet.
2026-07-15 15:53:31,617:INFO: GPS-Daten geglättet.
2026-07-15 15:53:31,617:INFO: Berechne Himmelsrichtung.
2026-07-15 15:53:31,619:INFO: Himmelsrichtung erfolgreich berechnet.
2026-07-15 15:53:31,619:INFO: Himmelsrichtung berechnet.
2026-07-15 15:53:31,624:INFO: Zeitdaten berechnet.
2026-07-15 15:53:31,625:INFO: Starte Haversine-Berechnung.
2026-07-15 15:53:31,625:INFO: Haversine-Berechnung erfolgreich.
2026-07-15 15:53:31,626:INFO: Starte Haversine-Berechnung.
2026-07-15 15:53:31,626:INFO: Haversine-Berechnung erfolgreich.
2026-07-15 15:53:31,627:INFO: Strecke berechnet.
2026-07-15 15:53:31,627:INFO: Geschwindigkeit berechnet.
2026-07-15 15:53:31,628:INFO: Beschleunigung berechnet.
2026-07-15 15:53:31,629:INFO: Steigungswinkel berechnet.
2026-07-15 15:53:31,629:INFO: Luftdichte berechnet.
2026-07-15 15:53:31,630:INFO: Kräfte berechnet.
2026-07-15 15:53:31,630:INFO: Leistung berechnet.
2026-07-15 15:53:31,630:INFO: Drehmoment berechnet.
2026-07-15 15:53:31,630:INFO: Motorstrom berechnet.
2026-07-15 15:53:31,630:INFO: BatteryPack erfolgreich initialisiert.
2026-07-15 15:53:31,630:INFO: BatteryPack erfolgreich initialisiert.
2026-07-15 15:53:31,630:INFO: BatterySimulator erfolgreich initialisiert.
2026-07-15 15:53:31,630:INFO: BatterySimulator erfolgreich initialisiert.
2026-07-15 15:53:31,630:INFO: Starte Simulation des Ladezustands
2026-07-15 15:53:31,655:WARNING: Batterie ist vollständig entladen!
2026-07-15 15:53:31,660:INFO: Simulation beendet. 2284 Werte verarbeitet.
2026-07-15 15:53:31,660:INFO: Starte Simulation des Ladezustands
2026-07-15 15:53:31,682:WARNING: Batterie ist vollständig entladen!
2026-07-15 15:53:31,687:INFO: Simulation beendet. 2284 Werte verarbeitet.
2026-07-15 15:53:31,687:INFO: Starte Simulation des Ladezustands
2026-07-15 15:53:31,690:INFO: Batterie ist vollständig geladen.
2026-07-15 15:53:31,710:WARNING: Batterie ist vollständig entladen!
2026-07-15 15:53:31,715:INFO: Simulation beendet. 2284 Werte verarbeitet.
2026-07-15 15:53:31,797:INFO: Plot des Ladezustands wurde erfolgreich als 'SOC.png' gespeichert.
2026-07-15 15:53:31,883:INFO: Plot des Ladezustands wurde erfolgreich als 'SOC.png' gespeichert.
2026-07-15 15:53:31,884:INFO: Batteriesimulation abgeschlossen.
2026-07-15 15:53:31,884:INFO: Simulation erfolgreich beendet.
2026-07-15 15:53:31,884:INFO: Starte Berechnung der Kenngrößen.
2026-07-15 15:53:31,885:INFO: Kenngrößen erfolgreich berechnet.
2026-07-15 15:53:32,015:INFO: Parameterstudie erfolgreich abgeschlossen.
